Arguments: 
  /nix/store/mhbh2l1rsxpvq1czhjiqcpnmahbgvql9-nodejs-18.20.3/bin/node /home/diwangs/.cache/node/corepack/v1/yarn/1.22.19/bin/yarn.js init

PATH: 
  /nix/store/cy6j2yii4y9jlbqr10k190v0b3jdbwl3-patchelf-0.15.0/bin:/nix/store/r73z9i18vbjcph7k2f3isrysxzx6sqjx-gcc-wrapper-13.2.0/bin:/nix/store/llmjvk4i2yncv8xqdvs4382wr3kgdmvp-gcc-13.2.0/bin:/nix/store/z5gvbj7p7dr89k42ncrl2mlv5v3ymjlp-glibc-2.39-52-bin/bin:/nix/store/ysqx2xfzygv2rxl7nxnw48276z5ckppn-coreutils-9.5/bin:/nix/store/bl7gf4crmr480jfm8raswv9xn2v1qwiw-binutils-wrapper-2.41/bin:/nix/store/7v7g86ml0ri171gfcrs1d442px5bi1p3-binutils-2.41/bin:/nix/store/lkbr9i316h5jaa855sl4615p72j6iq3n-openjdk-17.0.7+7/bin:/nix/store/h674lydkqljpf4xas5g8cbxfz4dvrz6x-codeql-2.17.3/bin:/nix/store/mhbh2l1rsxpvq1czhjiqcpnmahbgvql9-nodejs-18.20.3/bin:/nix/store/sr1yf5l55s1nasjm8fx5raiphxqj3kfk-corepack-nodejs-18.20.3/bin:/nix/store/36rvynxwln7iz0qq3k1v3r1mna8bma8s-findutils-4.9.0/bin:/nix/store/0fw4a3z849azkhyjxnpxbygj4g5qhd0v-diffutils-3.10/bin:/nix/store/7xwbkzfrs6flyvjyvd23m8r2mlnycinq-gnused-4.9/bin:/nix/store/d9xr7s3z0r8rf0ba22q6ilqv68agymdb-gnugrep-3.11/bin:/nix/store/9fklixgxv2a9xxpbn504mpifnbz94rb5-gawk-5.2.2/bin:/nix/store/iz0gv4jb2b8bkb9krmha68b00b24p3rl-gnutar-1.35/bin:/nix/store/g14bdsvp1lqqhiyd9g88nyjhp16hs9wj-gzip-1.13/bin:/nix/store/fmk8lz57yy64hvz9rp58krlzb3q9df70-bzip2-1.0.8-bin/bin:/nix/store/3hnf34qxi3h6c62dw95crgxdxvibasml-gnumake-4.4.1/bin:/nix/store/5jw69mbaj5dg4l2bj58acg3gxywfszpj-bash-5.2p26/bin:/nix/store/f46k9pgiq88v6yh76wxb3dv1ggpn6fml-patch-2.7.6/bin:/nix/store/5srqwq17md7w5ln001iaxhxpd0839d8r-xz-5.4.7-bin/bin:/nix/store/j4aja22d2ngbpmi4vdpdd2dvp1hm7dvr-file-5.45/bin:/nix/store/26j6mq0phgnixz9m8spqh85kfb43i584-glib-2.80.3-bin/bin:/run/wrappers/bin:/usr/bin:/usr/sbin:/home/diwangs/.local/share/flatpak/exports/bin:/var/lib/flatpak/exports/bin:/home/diwangs/.nix-profile/bin:/nix/profile/bin:/home/diwangs/.local/state/nix/profile/bin:/etc/profiles/per-user/diwangs/bin:/nix/var/nix/profiles/default/bin:/run/current-system/sw/bin

Yarn version: 
  1.22.19

Node version: 
  18.20.3

Platform: 
  linux x64

Trace: 
  Error: canceled
      at Interface.<anonymous> (/home/diwangs/.cache/node/corepack/v1/yarn/1.22.19/lib/cli.js:137150:13)
      at Interface.emit (node:events:517:28)
      at [_ttyWrite] [as _ttyWrite] (node:internal/readline/interface:1132:18)
      at ReadStream.onkeypress (node:internal/readline/interface:271:20)
      at ReadStream.emit (node:events:517:28)
      at emitKeys (node:internal/readline/utils:371:14)
      at emitKeys.next (<anonymous>)
      at ReadStream.onData (node:internal/readline/emitKeypressEvents:64:36)
      at ReadStream.emit (node:events:517:28)
      at addChunk (node:internal/streams/readable:368:12)

npm manifest: 
  {
    "name": "mapping",
    "version": "1.0.0",
    "main": "index.js",
    "license": "MIT",
    "private": true
  }

yarn manifest: 
  No manifest

Lockfile: 
  # THIS IS AN AUTOGENERATED FILE. DO NOT EDIT THIS FILE DIRECTLY.
  # yarn lockfile v1
  
  
  "@cspotcode/source-map-support@^0.8.0":
    version "0.8.1"
    resolved "https://registry.npmjs.org/@cspotcode/source-map-support/-/source-map-support-0.8.1.tgz"
    integrity sha512-IchNf6dN4tHoMFIn/7OE8LWZ19Y6q/67Bmf6vnGREv8RSbBVb9LPJxEcnwrcwX6ixSvaiGoomAUvu4YSxXrVgw==
    dependencies:
      "@jridgewell/trace-mapping" "0.3.9"
  
  "@esbuild/aix-ppc64@0.19.12":
    version "0.19.12"
    resolved "https://registry.yarnpkg.com/@esbuild/aix-ppc64/-/aix-ppc64-0.19.12.tgz#d1bc06aedb6936b3b6d313bf809a5a40387d2b7f"
    integrity sha512-bmoCYyWdEL3wDQIVbcyzRyeKLgk2WtWLTWz1ZIAZF/EGbNOwSA6ew3PftJ1PqMiOOGu0OyFMzG53L0zqIpPeNA==
  
  "@esbuild/android-arm64@0.19.12":
    version "0.19.12"
    resolved "https://registry.yarnpkg.com/@esbuild/android-arm64/-/android-arm64-0.19.12.tgz#7ad65a36cfdb7e0d429c353e00f680d737c2aed4"
    integrity sha512-P0UVNGIienjZv3f5zq0DP3Nt2IE/3plFzuaS96vihvD0Hd6H/q4WXUGpCxD/E8YrSXfNyRPbpTq+T8ZQioSuPA==
  
  "@esbuild/android-arm@0.19.12":
    version "0.19.12"
    resolved "https://registry.yarnpkg.com/@esbuild/android-arm/-/android-arm-0.19.12.tgz#b0c26536f37776162ca8bde25e42040c203f2824"
    integrity sha512-qg/Lj1mu3CdQlDEEiWrlC4eaPZ1KztwGJ9B6J+/6G+/4ewxJg7gqj8eVYWvao1bXrqGiW2rsBZFSX3q2lcW05w==
  
  "@esbuild/android-x64@0.19.12":
    version "0.19.12"
    resolved "https://registry.yarnpkg.com/@esbuild/android-x64/-/android-x64-0.19.12.tgz#cb13e2211282012194d89bf3bfe7721273473b3d"
    integrity sha512-3k7ZoUW6Q6YqhdhIaq/WZ7HwBpnFBlW905Fa4s4qWJyiNOgT1dOqDiVAQFwBH7gBRZr17gLrlFCRzF6jFh7Kew==
  
  "@esbuild/darwin-arm64@0.19.12":
    version "0.19.12"
    resolved "https://registry.yarnpkg.com/@esbuild/darwin-arm64/-/darwin-arm64-0.19.12.tgz#cbee41e988020d4b516e9d9e44dd29200996275e"
    integrity sha512-B6IeSgZgtEzGC42jsI+YYu9Z3HKRxp8ZT3cqhvliEHovq8HSX2YX8lNocDn79gCKJXOSaEot9MVYky7AKjCs8g==
  
  "@esbuild/darwin-x64@0.19.12":
    version "0.19.12"
    resolved "https://registry.yarnpkg.com/@esbuild/darwin-x64/-/darwin-x64-0.19.12.tgz#e37d9633246d52aecf491ee916ece709f9d5f4cd"
    integrity sha512-hKoVkKzFiToTgn+41qGhsUJXFlIjxI/jSYeZf3ugemDYZldIXIxhvwN6erJGlX4t5h417iFuheZ7l+YVn05N3A==
  
  "@esbuild/freebsd-arm64@0.19.12":
    version "0.19.12"
    resolved "https://registry.yarnpkg.com/@esbuild/freebsd-arm64/-/freebsd-arm64-0.19.12.tgz#1ee4d8b682ed363b08af74d1ea2b2b4dbba76487"
    integrity sha512-4aRvFIXmwAcDBw9AueDQ2YnGmz5L6obe5kmPT8Vd+/+x/JMVKCgdcRwH6APrbpNXsPz+K653Qg8HB/oXvXVukA==
  
  "@esbuild/freebsd-x64@0.19.12":
    version "0.19.12"
    resolved "https://registry.yarnpkg.com/@esbuild/freebsd-x64/-/freebsd-x64-0.19.12.tgz#37a693553d42ff77cd7126764b535fb6cc28a11c"
    integrity sha512-EYoXZ4d8xtBoVN7CEwWY2IN4ho76xjYXqSXMNccFSx2lgqOG/1TBPW0yPx1bJZk94qu3tX0fycJeeQsKovA8gg==
  
  "@esbuild/linux-arm64@0.19.12":
    version "0.19.12"
    resolved "https://registry.yarnpkg.com/@esbuild/linux-arm64/-/linux-arm64-0.19.12.tgz#be9b145985ec6c57470e0e051d887b09dddb2d4b"
    integrity sha512-EoTjyYyLuVPfdPLsGVVVC8a0p1BFFvtpQDB/YLEhaXyf/5bczaGeN15QkR+O4S5LeJ92Tqotve7i1jn35qwvdA==
  
  "@esbuild/linux-arm@0.19.12":
    version "0.19.12"
    resolved "https://registry.yarnpkg.com/@esbuild/linux-arm/-/linux-arm-0.19.12.tgz#207ecd982a8db95f7b5279207d0ff2331acf5eef"
    integrity sha512-J5jPms//KhSNv+LO1S1TX1UWp1ucM6N6XuL6ITdKWElCu8wXP72l9MM0zDTzzeikVyqFE6U8YAV9/tFyj0ti+w==
  
  "@esbuild/linux-ia32@0.19.12":
    version "0.19.12"
    resolved "https://registry.yarnpkg.com/@esbuild/linux-ia32/-/linux-ia32-0.19.12.tgz#d0d86b5ca1562523dc284a6723293a52d5860601"
    integrity sha512-Thsa42rrP1+UIGaWz47uydHSBOgTUnwBwNq59khgIwktK6x60Hivfbux9iNR0eHCHzOLjLMLfUMLCypBkZXMHA==
  
  "@esbuild/linux-loong64@0.19.12":
    version "0.19.12"
    resolved "https://registry.yarnpkg.com/@esbuild/linux-loong64/-/linux-loong64-0.19.12.tgz#9a37f87fec4b8408e682b528391fa22afd952299"
    integrity sha512-LiXdXA0s3IqRRjm6rV6XaWATScKAXjI4R4LoDlvO7+yQqFdlr1Bax62sRwkVvRIrwXxvtYEHHI4dm50jAXkuAA==
  
  "@esbuild/linux-mips64el@0.19.12":
    version "0.19.12"
    resolved "https://registry.yarnpkg.com/@esbuild/linux-mips64el/-/linux-mips64el-0.19.12.tgz#4ddebd4e6eeba20b509d8e74c8e30d8ace0b89ec"
    integrity sha512-fEnAuj5VGTanfJ07ff0gOA6IPsvrVHLVb6Lyd1g2/ed67oU1eFzL0r9WL7ZzscD+/N6i3dWumGE1Un4f7Amf+w==
  
  "@esbuild/linux-ppc64@0.19.12":
    version "0.19.12"
    resolved "https://registry.yarnpkg.com/@esbuild/linux-ppc64/-/linux-ppc64-0.19.12.tgz#adb67dadb73656849f63cd522f5ecb351dd8dee8"
    integrity sha512-nYJA2/QPimDQOh1rKWedNOe3Gfc8PabU7HT3iXWtNUbRzXS9+vgB0Fjaqr//XNbd82mCxHzik2qotuI89cfixg==
  
  "@esbuild/linux-riscv64@0.19.12":
    version "0.19.12"
    resolved "https://registry.yarnpkg.com/@esbuild/linux-riscv64/-/linux-riscv64-0.19.12.tgz#11bc0698bf0a2abf8727f1c7ace2112612c15adf"
    integrity sha512-2MueBrlPQCw5dVJJpQdUYgeqIzDQgw3QtiAHUC4RBz9FXPrskyyU3VI1hw7C0BSKB9OduwSJ79FTCqtGMWqJHg==
  
  "@esbuild/linux-s390x@0.19.12":
    version "0.19.12"
    resolved "https://registry.yarnpkg.com/@esbuild/linux-s390x/-/linux-s390x-0.19.12.tgz#e86fb8ffba7c5c92ba91fc3b27ed5a70196c3cc8"
    integrity sha512-+Pil1Nv3Umes4m3AZKqA2anfhJiVmNCYkPchwFJNEJN5QxmTs1uzyy4TvmDrCRNT2ApwSari7ZIgrPeUx4UZDg==
  
  "@esbuild/linux-x64@0.19.12":
    version "0.19.12"
    resolved "https://registry.npmjs.org/@esbuild/linux-x64/-/linux-x64-0.19.12.tgz"
    integrity sha512-B71g1QpxfwBvNrfyJdVDexenDIt1CiDN1TIXLbhOw0KhJzE78KIFGX6OJ9MrtC0oOqMWf+0xop4qEU8JrJTwCg==
  
  "@esbuild/netbsd-x64@0.19.12":
    version "0.19.12"
    resolved "https://registry.yarnpkg.com/@esbuild/netbsd-x64/-/netbsd-x64-0.19.12.tgz#29da566a75324e0d0dd7e47519ba2f7ef168657b"
    integrity sha512-3ltjQ7n1owJgFbuC61Oj++XhtzmymoCihNFgT84UAmJnxJfm4sYCiSLTXZtE00VWYpPMYc+ZQmB6xbSdVh0JWA==
  
  "@esbuild/openbsd-x64@0.19.12":
    version "0.19.12"
    resolved "https://registry.yarnpkg.com/@esbuild/openbsd-x64/-/openbsd-x64-0.19.12.tgz#306c0acbdb5a99c95be98bdd1d47c916e7dc3ff0"
    integrity sha512-RbrfTB9SWsr0kWmb9srfF+L933uMDdu9BIzdA7os2t0TXhCRjrQyCeOt6wVxr79CKD4c+p+YhCj31HBkYcXebw==
  
  "@esbuild/sunos-x64@0.19.12":
    version "0.19.12"
    resolved "https://registry.yarnpkg.com/@esbuild/sunos-x64/-/sunos-x64-0.19.12.tgz#0933eaab9af8b9b2c930236f62aae3fc593faf30"
    integrity sha512-HKjJwRrW8uWtCQnQOz9qcU3mUZhTUQvi56Q8DPTLLB+DawoiQdjsYq+j+D3s9I8VFtDr+F9CjgXKKC4ss89IeA==
  
  "@esbuild/win32-arm64@0.19.12":
    version "0.19.12"
    resolved "https://registry.yarnpkg.com/@esbuild/win32-arm64/-/win32-arm64-0.19.12.tgz#773bdbaa1971b36db2f6560088639ccd1e6773ae"
    integrity sha512-URgtR1dJnmGvX864pn1B2YUYNzjmXkuJOIqG2HdU62MVS4EHpU2946OZoTMnRUHklGtJdJZ33QfzdjGACXhn1A==
  
  "@esbuild/win32-ia32@0.19.12":
    version "0.19.12"
    resolved "https://registry.yarnpkg.com/@esbuild/win32-ia32/-/win32-ia32-0.19.12.tgz#000516cad06354cc84a73f0943a4aa690ef6fd67"
    integrity sha512-+ZOE6pUkMOJfmxmBZElNOx72NKpIa/HFOMGzu8fqzQJ5kgf6aTGrcJaFsNiVMH4JKpMipyK+7k0n2UXN7a8YKQ==
  
  "@esbuild/win32-x64@0.19.12":
    version "0.19.12"
    resolved "https://registry.yarnpkg.com/@esbuild/win32-x64/-/win32-x64-0.19.12.tgz#c57c8afbb4054a3ab8317591a0b7320360b444ae"
    integrity sha512-T1QyPSDCyMXaO3pzBkF96E8xMkiRYbUEZADd29SyPGabqxMViNoii+NcK7eWJAEoU6RZyEm5lVSIjTmcdoB9HA==
  
  "@jest/schemas@^29.6.3":
    version "29.6.3"
    resolved "https://registry.npmjs.org/@jest/schemas/-/schemas-29.6.3.tgz"
    integrity sha512-mo5j5X+jIZmJQveBKeS/clAueipV7KgiX1vMgCxam1RNYiqE1w62n0/tJJnHtjW8ZHcQco5gY85jA3mi0L+nSA==
    dependencies:
      "@sinclair/typebox" "^0.27.8"
  
  "@jridgewell/resolve-uri@^3.0.3":
    version "3.1.2"
    resolved "https://registry.npmjs.org/@jridgewell/resolve-uri/-/resolve-uri-3.1.2.tgz"
    integrity sha512-bRISgCIjP20/tbWSPWMEi54QVPRZExkuD9lJL+UIxUKtwVJA8wW1Trb1jMs1RFXo1CBTNZ/5hpC9QvmKWdopKw==
  
  "@jridgewell/sourcemap-codec@^1.4.10", "@jridgewell/sourcemap-codec@^1.4.15":
    version "1.4.15"
    resolved "https://registry.npmjs.org/@jridgewell/sourcemap-codec/-/sourcemap-codec-1.4.15.tgz"
    integrity sha512-eF2rxCRulEKXHTRiDrDy6erMYWqNw4LPdQ8UQA4huuxaQsVeRPFl2oM8oDGxMFhJUWZf9McpLtJasDDZb/Bpeg==
  
  "@jridgewell/trace-mapping@0.3.9":
    version "0.3.9"
    resolved "https://registry.npmjs.org/@jridgewell/trace-mapping/-/trace-mapping-0.3.9.tgz"
    integrity sha512-3Belt6tdc8bPgAtbcmdtNJlirVoTmEb5e2gC94PnkwEW9jI6CAHUeoG85tjWP5WquqfavoMtMwiG4P926ZKKuQ==
    dependencies:
      "@jridgewell/resolve-uri" "^3.0.3"
      "@jridgewell/sourcemap-codec" "^1.4.10"
  
  "@khanacademy/flow-to-ts@^0.5.2":
    version "0.5.2"
    resolved "https://registry.npmjs.org/@khanacademy/flow-to-ts/-/flow-to-ts-0.5.2.tgz"
    integrity sha512-6i8Q0pE9xuc58QVXLof3M3W88BVcVALZfE5yj5uHDcpmfC0ijjYaciKzMKhPfgZezXudmlgCt52mTcX0IHt4Fg==
    dependencies:
      commander "^2.19.0"
      glob "^7.1.6"
      prettier "2.2.1"
      trim-right "^1.0.1"
  
  "@rollup/rollup-android-arm-eabi@4.9.6":
    version "4.9.6"
    resolved "https://registry.yarnpkg.com/@rollup/rollup-android-arm-eabi/-/rollup-android-arm-eabi-4.9.6.tgz#66b8d9cb2b3a474d115500f9ebaf43e2126fe496"
    integrity sha512-MVNXSSYN6QXOulbHpLMKYi60ppyO13W9my1qogeiAqtjb2yR4LSmfU2+POvDkLzhjYLXz9Rf9+9a3zFHW1Lecg==
  
  "@rollup/rollup-android-arm64@4.9.6":
    version "4.9.6"
    resolved "https://registry.yarnpkg.com/@rollup/rollup-android-arm64/-/rollup-android-arm64-4.9.6.tgz#46327d5b86420d2307946bec1535fdf00356e47d"
    integrity sha512-T14aNLpqJ5wzKNf5jEDpv5zgyIqcpn1MlwCrUXLrwoADr2RkWA0vOWP4XxbO9aiO3dvMCQICZdKeDrFl7UMClw==
  
  "@rollup/rollup-darwin-arm64@4.9.6":
    version "4.9.6"
    resolved "https://registry.yarnpkg.com/@rollup/rollup-darwin-arm64/-/rollup-darwin-arm64-4.9.6.tgz#166987224d2f8b1e2fd28ee90c447d52271d5e90"
    integrity sha512-CqNNAyhRkTbo8VVZ5R85X73H3R5NX9ONnKbXuHisGWC0qRbTTxnF1U4V9NafzJbgGM0sHZpdO83pLPzq8uOZFw==
  
  "@rollup/rollup-darwin-x64@4.9.6":
    version "4.9.6"
    resolved "https://registry.yarnpkg.com/@rollup/rollup-darwin-x64/-/rollup-darwin-x64-4.9.6.tgz#a2e6e096f74ccea6e2f174454c26aef6bcdd1274"
    integrity sha512-zRDtdJuRvA1dc9Mp6BWYqAsU5oeLixdfUvkTHuiYOHwqYuQ4YgSmi6+/lPvSsqc/I0Omw3DdICx4Tfacdzmhog==
  
  "@rollup/rollup-linux-arm-gnueabihf@4.9.6":
    version "4.9.6"
    resolved "https://registry.yarnpkg.com/@rollup/rollup-linux-arm-gnueabihf/-/rollup-linux-arm-gnueabihf-4.9.6.tgz#09fcd4c55a2d6160c5865fec708a8e5287f30515"
    integrity sha512-oNk8YXDDnNyG4qlNb6is1ojTOGL/tRhbbKeE/YuccItzerEZT68Z9gHrY3ROh7axDc974+zYAPxK5SH0j/G+QQ==
  
  "@rollup/rollup-linux-arm64-gnu@4.9.6":
    version "4.9.6"
    resolved "https://registry.yarnpkg.com/@rollup/rollup-linux-arm64-gnu/-/rollup-linux-arm64-gnu-4.9.6.tgz#19a3c0b6315c747ca9acf86e9b710cc2440f83c9"
    integrity sha512-Z3O60yxPtuCYobrtzjo0wlmvDdx2qZfeAWTyfOjEDqd08kthDKexLpV97KfAeUXPosENKd8uyJMRDfFMxcYkDQ==
  
  "@rollup/rollup-linux-arm64-musl@4.9.6":
    version "4.9.6"
    resolved "https://registry.yarnpkg.com/@rollup/rollup-linux-arm64-musl/-/rollup-linux-arm64-musl-4.9.6.tgz#94aaf95fdaf2ad9335983a4552759f98e6b2e850"
    integrity sha512-gpiG0qQJNdYEVad+1iAsGAbgAnZ8j07FapmnIAQgODKcOTjLEWM9sRb+MbQyVsYCnA0Im6M6QIq6ax7liws6eQ==
  
  "@rollup/rollup-linux-riscv64-gnu@4.9.6":
    version "4.9.6"
    resolved "https://registry.yarnpkg.com/@rollup/rollup-linux-riscv64-gnu/-/rollup-linux-riscv64-gnu-4.9.6.tgz#160510e63f4b12618af4013bddf1761cf9fc9880"
    integrity sha512-+uCOcvVmFUYvVDr27aiyun9WgZk0tXe7ThuzoUTAukZJOwS5MrGbmSlNOhx1j80GdpqbOty05XqSl5w4dQvcOA==
  
  "@rollup/rollup-linux-x64-gnu@4.9.6":
    version "4.9.6"
    resolved "https://registry.npmjs.org/@rollup/rollup-linux-x64-gnu/-/rollup-linux-x64-gnu-4.9.6.tgz"
    integrity sha512-HUNqM32dGzfBKuaDUBqFB7tP6VMN74eLZ33Q9Y1TBqRDn+qDonkAUyKWwF9BR9unV7QUzffLnz9GrnKvMqC/fw==
  
  "@rollup/rollup-linux-x64-musl@4.9.6":
    version "4.9.6"
    resolved "https://registry.npmjs.org/@rollup/rollup-linux-x64-musl/-/rollup-linux-x64-musl-4.9.6.tgz"
    integrity sha512-ch7M+9Tr5R4FK40FHQk8VnML0Szi2KRujUgHXd/HjuH9ifH72GUmw6lStZBo3c3GB82vHa0ZoUfjfcM7JiiMrQ==
  
  "@rollup/rollup-win32-arm64-msvc@4.9.6":
    version "4.9.6"
    resolved "https://registry.yarnpkg.com/@rollup/rollup-win32-arm64-msvc/-/rollup-win32-arm64-msvc-4.9.6.tgz#1cc3416682e5a20d8f088f26657e6e47f8db468e"
    integrity sha512-VD6qnR99dhmTQ1mJhIzXsRcTBvTjbfbGGwKAHcu+52cVl15AC/kplkhxzW/uT0Xl62Y/meBKDZvoJSJN+vTeGA==
  
  "@rollup/rollup-win32-ia32-msvc@4.9.6":
    version "4.9.6"
    resolved "https://registry.yarnpkg.com/@rollup/rollup-win32-ia32-msvc/-/rollup-win32-ia32-msvc-4.9.6.tgz#7d2251e1aa5e8a1e47c86891fe4547a939503461"
    integrity sha512-J9AFDq/xiRI58eR2NIDfyVmTYGyIZmRcvcAoJ48oDld/NTR8wyiPUu2X/v1navJ+N/FGg68LEbX3Ejd6l8B7MQ==
  
  "@rollup/rollup-win32-x64-msvc@4.9.6":
    version "4.9.6"
    resolved "https://registry.yarnpkg.com/@rollup/rollup-win32-x64-msvc/-/rollup-win32-x64-msvc-4.9.6.tgz#2c1fb69e02a3f1506f52698cfdc3a8b6386df9a6"
    integrity sha512-jqzNLhNDvIZOrt69Ce4UjGRpXJBzhUBzawMwnaDAwyHriki3XollsewxWzOzz+4yOFDkuJHtTsZFwMxhYJWmLQ==
  
  "@sinclair/typebox@^0.27.8":
    version "0.27.8"
    resolved "https://registry.npmjs.org/@sinclair/typebox/-/typebox-0.27.8.tgz"
    integrity sha512-+Fj43pSMwJs4KRrH/938Uf+uAELIgVBmQzg/q1YG10djyfA3TnrU8N8XzqCh/okZdszqBQTZf96idMfE5lnwTA==
  
  "@tsconfig/node10@^1.0.7":
    version "1.0.11"
    resolved "https://registry.npmjs.org/@tsconfig/node10/-/node10-1.0.11.tgz"
    integrity sha512-DcRjDCujK/kCk/cUe8Xz8ZSpm8mS3mNNpta+jGCA6USEDfktlNvm1+IuZ9eTcDbNk41BHwpHHeW+N1lKCz4zOw==
  
  "@tsconfig/node12@^1.0.7":
    version "1.0.11"
    resolved "https://registry.npmjs.org/@tsconfig/node12/-/node12-1.0.11.tgz"
    integrity sha512-cqefuRsh12pWyGsIoBKJA9luFu3mRxCA+ORZvA4ktLSzIuCUtWVxGIuXigEwO5/ywWFMZ2QEGKWvkZG1zDMTag==
  
  "@tsconfig/node14@^1.0.0":
    version "1.0.3"
    resolved "https://registry.npmjs.org/@tsconfig/node14/-/node14-1.0.3.tgz"
    integrity sha512-ysT8mhdixWK6Hw3i1V2AeRqZ5WfXg1G43mqoYlM2nc6388Fq5jcXyr5mRsqViLx/GJYdoL0bfXD8nmF+Zn/Iow==
  
  "@tsconfig/node16@^1.0.2":
    version "1.0.4"
    resolved "https://registry.npmjs.org/@tsconfig/node16/-/node16-1.0.4.tgz"
    integrity sha512-vxhUy4J8lyeyinH7Azl1pdd43GJhZH/tP2weN8TntQblOY+A0XbT8DJk1/oCPuOOyg/Ja757rG0CgHcWC8OfMA==
  
  "@types/estree@1.0.5", "@types/estree@^1.0.0":
    version "1.0.5"
    resolved "https://registry.npmjs.org/@types/estree/-/estree-1.0.5.tgz"
    integrity sha512-/kYRxGDLWzHOB7q+wtSUQlFrtcdUccpfy+X+9iMBpHK8QLLhx2wIPYuS5DYtR9Wa/YlZAbIovy7qVdB1Aq6Lyw==
  
  "@types/node@^20.11.7":
    version "20.11.7"
    resolved "https://registry.npmjs.org/@types/node/-/node-20.11.7.tgz"
    integrity sha512-GPmeN1C3XAyV5uybAf4cMLWT9fDWcmQhZVtMFu7OR32WjrqGG+Wnk2V1d0bmtUyE/Zy1QJ9BxyiTih9z8Oks8A==
  
  "@types/node@^20.14.10":
    version "20.14.10"
    resolved "https://registry.yarnpkg.com/@types/node/-/node-20.14.10.tgz#a1a218290f1b6428682e3af044785e5874db469a"
    integrity sha512-MdiXf+nDuMvY0gJKxyfZ7/6UFsETO7mGKF54MVD/ekJS6HdFtpZFBgrh6Pseu64XTb2MLyFPlbW6hj8HYRQNOQ==
    dependencies:
      undici-types "~5.26.4"
  
  "@vitest/expect@1.2.1":
    version "1.2.1"
    resolved "https://registry.npmjs.org/@vitest/expect/-/expect-1.2.1.tgz"
    integrity sha512-/bqGXcHfyKgFWYwIgFr1QYDaR9e64pRKxgBNWNXPefPFRhgm+K3+a/dS0cUGEreWngets3dlr8w8SBRw2fCfFQ==
    dependencies:
      "@vitest/spy" "1.2.1"
      "@vitest/utils" "1.2.1"
      chai "^4.3.10"
  
  "@vitest/expect@1.5.3":
    version "1.5.3"
    resolved "https://registry.yarnpkg.com/@vitest/expect/-/expect-1.5.3.tgz#34198e2123fb5be68f606729114aadbd071d77dc"
    integrity sha512-y+waPz31pOFr3rD7vWTbwiLe5+MgsMm40jTZbQE8p8/qXyBX3CQsIXRx9XK12IbY7q/t5a5aM/ckt33b4PxK2g==
    dependencies:
      "@vitest/spy" "1.5.3"
      "@vitest/utils" "1.5.3"
      chai "^4.3.10"
  
  "@vitest/runner@1.2.1":
    version "1.2.1"
    resolved "https://registry.npmjs.org/@vitest/runner/-/runner-1.2.1.tgz"
    integrity sha512-zc2dP5LQpzNzbpaBt7OeYAvmIsRS1KpZQw4G3WM/yqSV1cQKNKwLGmnm79GyZZjMhQGlRcSFMImLjZaUQvNVZQ==
    dependencies:
      "@vitest/utils" "1.2.1"
      p-limit "^5.0.0"
      pathe "^1.1.1"
  
  "@vitest/runner@1.5.3":
    version "1.5.3"
    resolved "https://registry.yarnpkg.com/@vitest/runner/-/runner-1.5.3.tgz#226a726ca0bf11c1f287fa867547bdfca072b1e6"
    integrity sha512-7PlfuReN8692IKQIdCxwir1AOaP5THfNkp0Uc4BKr2na+9lALNit7ub9l3/R7MP8aV61+mHKRGiqEKRIwu6iiQ==
    dependencies:
      "@vitest/utils" "1.5.3"
      p-limit "^5.0.0"
      pathe "^1.1.1"
  
  "@vitest/snapshot@1.2.1":
    version "1.2.1"
    resolved "https://registry.npmjs.org/@vitest/snapshot/-/snapshot-1.2.1.tgz"
    integrity sha512-Tmp/IcYEemKaqAYCS08sh0vORLJkMr0NRV76Gl8sHGxXT5151cITJCET20063wk0Yr/1koQ6dnmP6eEqezmd/Q==
    dependencies:
      magic-string "^0.30.5"
      pathe "^1.1.1"
      pretty-format "^29.7.0"
  
  "@vitest/snapshot@1.5.3":
    version "1.5.3"
    resolved "https://registry.yarnpkg.com/@vitest/snapshot/-/snapshot-1.5.3.tgz#ffdd917daebf4415c7abad6993bafd5f4ee14aaf"
    integrity sha512-K3mvIsjyKYBhNIDujMD2gfQEzddLe51nNOAf45yKRt/QFJcUIeTQd2trRvv6M6oCBHNVnZwFWbQ4yj96ibiDsA==
    dependencies:
      magic-string "^0.30.5"
      pathe "^1.1.1"
      pretty-format "^29.7.0"
  
  "@vitest/spy@1.2.1":
    version "1.2.1"
    resolved "https://registry.npmjs.org/@vitest/spy/-/spy-1.2.1.tgz"
    integrity sha512-vG3a/b7INKH7L49Lbp0IWrG6sw9j4waWAucwnksPB1r1FTJgV7nkBByd9ufzu6VWya/QTvQW4V9FShZbZIB2UQ==
    dependencies:
      tinyspy "^2.2.0"
  
  "@vitest/spy@1.5.3":
    version "1.5.3"
    resolved "https://registry.yarnpkg.com/@vitest/spy/-/spy-1.5.3.tgz#a81dfa87e4af3fe2c5d6f84cc81be31580b05e2c"
    integrity sha512-Llj7Jgs6lbnL55WoshJUUacdJfjU2honvGcAJBxhra5TPEzTJH8ZuhI3p/JwqqfnTr4PmP7nDmOXP53MS7GJlg==
    dependencies:
      tinyspy "^2.2.0"
  
  "@vitest/utils@1.2.1":
    version "1.2.1"
    resolved "https://registry.npmjs.org/@vitest/utils/-/utils-1.2.1.tgz"
    integrity sha512-bsH6WVZYe/J2v3+81M5LDU8kW76xWObKIURpPrOXm2pjBniBu2MERI/XP60GpS4PHU3jyK50LUutOwrx4CyHUg==
    dependencies:
      diff-sequences "^29.6.3"
      estree-walker "^3.0.3"
      loupe "^2.3.7"
      pretty-format "^29.7.0"
  
  "@vitest/utils@1.5.3":
    version "1.5.3"
    resolved "https://registry.yarnpkg.com/@vitest/utils/-/utils-1.5.3.tgz#216068c28db577480ca77e0b2094f0b1fa29bbcd"
    integrity sha512-rE9DTN1BRhzkzqNQO+kw8ZgfeEBCLXiHJwetk668shmNBpSagQxneT5eSqEBLP+cqSiAeecvQmbpFfdMyLcIQA==
    dependencies:
      diff-sequences "^29.6.3"
      estree-walker "^3.0.3"
      loupe "^2.3.7"
      pretty-format "^29.7.0"
  
  acorn-walk@^8.1.1, acorn-walk@^8.3.2:
    version "8.3.2"
    resolved "https://registry.npmjs.org/acorn-walk/-/acorn-walk-8.3.2.tgz"
    integrity sha512-cjkyv4OtNCIeqhHrfS81QWXoCBPExR/J62oyEqepVw8WaQeSqpW2uhuLPh1m9eWhDuOo/jUXVTlifvesOWp/4A==
  
  acorn@^8.10.0, acorn@^8.11.3, acorn@^8.4.1:
    version "8.11.3"
    resolved "https://registry.npmjs.org/acorn/-/acorn-8.11.3.tgz"
    integrity sha512-Y9rRfJG5jcKOE0CLisYbojUjIrIEE7AGMzA/Sm4BslANhbS+cDMpgBdcPT91oJ7OuJ9hYJBx59RjbhxVnrF8Xg==
  
  ansi-styles@^5.0.0:
    version "5.2.0"
    resolved "https://registry.npmjs.org/ansi-styles/-/ansi-styles-5.2.0.tgz"
    integrity sha512-Cxwpt2SfTzTtXcfOlzGEee8O+c+MmUgGrNiBcXnuWxuFJHe6a5Hz7qwhwe5OgaSYI0IJvkLqWX1ASG+cJOkEiA==
  
  arg@^4.1.0:
    version "4.1.3"
    resolved "https://registry.npmjs.org/arg/-/arg-4.1.3.tgz"
    integrity sha512-58S9QDqG0Xx27YwPSt9fJxivjYl432YCwfDMfZ+71RAqUrZef7LrKQZ3LHLOwCS4FLNBplP533Zx895SeOCHvA==
  
  assertion-error@^1.1.0:
    version "1.1.0"
    resolved "https://registry.npmjs.org/assertion-error/-/assertion-error-1.1.0.tgz"
    integrity sha512-jgsaNduz+ndvGyFt3uSuWqvy4lCnIJiovtouQN5JZHOKCS2QuhEdbcQHFhVksz2N2U9hXJo8odG7ETyWlEeuDw==
  
  balanced-match@^1.0.0:
    version "1.0.2"
    resolved "https://registry.npmjs.org/balanced-match/-/balanced-match-1.0.2.tgz"
    integrity sha512-3oSeUO0TMV67hN1AmbXsK4yaqU7tjiHlbxRDZOpH0KW9+CeX4bRAaX0Anxt0tx2MrpRpWwQaPwIlISEJhYU5Pw==
  
  brace-expansion@^1.1.7:
    version "1.1.11"
    resolved "https://registry.npmjs.org/brace-expansion/-/brace-expansion-1.1.11.tgz"
    integrity sha512-iCuPHDFgrHX7H2vEI/5xpz07zSHB00TpugqhmYtVmMO6518mCuRMoOYFldEBl0g187ufozdaHgWKcYFb61qGiA==
    dependencies:
      balanced-match "^1.0.0"
      concat-map "0.0.1"
  
  cac@^6.7.14:
    version "6.7.14"
    resolved "https://registry.npmjs.org/cac/-/cac-6.7.14.tgz"
    integrity sha512-b6Ilus+c3RrdDk+JhLKUAQfzzgLEPy6wcXqS7f/xe1EETvsDP6GORG7SFuOs6cID5YkqchW/LXZbX5bc8j7ZcQ==
  
  chai@^4.3.10:
    version "4.4.1"
    resolved "https://registry.npmjs.org/chai/-/chai-4.4.1.tgz"
    integrity sha512-13sOfMv2+DWduEU+/xbun3LScLoqN17nBeTLUsmDfKdoiC1fr0n9PU4guu4AhRcOVFk/sW8LyZWHuhWtQZiF+g==
    dependencies:
      assertion-error "^1.1.0"
      check-error "^1.0.3"
      deep-eql "^4.1.3"
      get-func-name "^2.0.2"
      loupe "^2.3.6"
      pathval "^1.1.1"
      type-detect "^4.0.8"
  
  check-error@^1.0.3:
    version "1.0.3"
    resolved "https://registry.npmjs.org/check-error/-/check-error-1.0.3.tgz"
    integrity sha512-iKEoDYaRmd1mxM90a2OEfWhjsjPpYPuQ+lMYsoxB126+t8fw7ySEO48nmDg5COTjxDI65/Y2OWpeEHk3ZOe8zg==
    dependencies:
      get-func-name "^2.0.2"
  
  commander@^2.19.0:
    version "2.20.3"
    resolved "https://registry.npmjs.org/commander/-/commander-2.20.3.tgz"
    integrity sha512-GpVkmM8vF2vQUkj2LvZmD35JxeJOLCwJ9cUkugyk2nuhbv3+mJvpLYYt+0+USMxE+oj+ey/lJEnhZw75x/OMcQ==
  
  concat-map@0.0.1:
    version "0.0.1"
    resolved "https://registry.npmjs.org/concat-map/-/concat-map-0.0.1.tgz"
    integrity sha512-/Srv4dswyQNBfohGpz9o6Yb3Gz3SrUDqBH5rTuhGR7ahtlbYKnVxw2bCFMRljaA7EXHaXZ8wsHdodFvbkhKmqg==
  
  create-require@^1.1.0:
    version "1.1.1"
    resolved "https://registry.npmjs.org/create-require/-/create-require-1.1.1.tgz"
    integrity sha512-dcKFX3jn0MpIaXjisoRvexIJVEKzaq7z2rZKxf+MSr9TkdmHmsU4m2lcLojrj/FHl8mk5VxMmYA+ftRkP/3oKQ==
  
  cross-spawn@^7.0.3:
    version "7.0.3"
    resolved "https://registry.npmjs.org/cross-spawn/-/cross-spawn-7.0.3.tgz"
    integrity sha512-iRDPJKUPVEND7dHPO8rkbOnPpyDygcDFtWjpeWNCgy8WP2rXcxXL8TskReQl6OrB2G7+UJrags1q15Fudc7G6w==
    dependencies:
      path-key "^3.1.0"
      shebang-command "^2.0.0"
      which "^2.0.1"
  
  debug@^4.3.4:
    version "4.3.4"
    resolved "https://registry.npmjs.org/debug/-/debug-4.3.4.tgz"
    integrity sha512-PRWFHuSU3eDtQJPvnNY7Jcket1j0t5OuOsFzPPzsekD52Zl8qUfFIPEiswXqIvHWGVHOgX+7G/vCNNhehwxfkQ==
    dependencies:
      ms "2.1.2"
  
  deep-eql@^4.1.3:
    version "4.1.3"
    resolved "https://registry.npmjs.org/deep-eql/-/deep-eql-4.1.3.tgz"
    integrity sha512-WaEtAOpRA1MQ0eohqZjpGD8zdI0Ovsm8mmFhaDN8dvDZzyoUMcYDnf5Y6iu7HTXxf8JDS23qWa4a+hKCDyOPzw==
    dependencies:
      type-detect "^4.0.0"
  
  diff-sequences@^29.6.3:
    version "29.6.3"
    resolved "https://registry.npmjs.org/diff-sequences/-/diff-sequences-29.6.3.tgz"
    integrity sha512-EjePK1srD3P08o2j4f0ExnylqRs5B9tJjcp9t1krH2qRi8CCdsYfwe9JgSLurFBWwq4uOlipzfk5fHNvwFKr8Q==
  
  diff@^4.0.1:
    version "4.0.2"
    resolved "https://registry.npmjs.org/diff/-/diff-4.0.2.tgz"
    integrity sha512-58lmxKSA4BNyLz+HHMUzlOEpg09FV+ev6ZMe3vJihgdxzgcwZ8VoEEPmALCZG9LmqfVoNMMKpttIYTVG6uDY7A==
  
  esbuild@^0.19.3:
    version "0.19.12"
    resolved "https://registry.npmjs.org/esbuild/-/esbuild-0.19.12.tgz"
    integrity sha512-aARqgq8roFBj054KvQr5f1sFu0D65G+miZRCuJyJ0G13Zwx7vRar5Zhn2tkQNzIXcBrNVsv/8stehpj+GAjgbg==
    optionalDependencies:
      "@esbuild/aix-ppc64" "0.19.12"
      "@esbuild/android-arm" "0.19.12"
      "@esbuild/android-arm64" "0.19.12"
      "@esbuild/android-x64" "0.19.12"
      "@esbuild/darwin-arm64" "0.19.12"
      "@esbuild/darwin-x64" "0.19.12"
      "@esbuild/freebsd-arm64" "0.19.12"
      "@esbuild/freebsd-x64" "0.19.12"
      "@esbuild/linux-arm" "0.19.12"
      "@esbuild/linux-arm64" "0.19.12"
      "@esbuild/linux-ia32" "0.19.12"
      "@esbuild/linux-loong64" "0.19.12"
      "@esbuild/linux-mips64el" "0.19.12"
      "@esbuild/linux-ppc64" "0.19.12"
      "@esbuild/linux-riscv64" "0.19.12"
      "@esbuild/linux-s390x" "0.19.12"
      "@esbuild/linux-x64" "0.19.12"
      "@esbuild/netbsd-x64" "0.19.12"
      "@esbuild/openbsd-x64" "0.19.12"
      "@esbuild/sunos-x64" "0.19.12"
      "@esbuild/win32-arm64" "0.19.12"
      "@esbuild/win32-ia32" "0.19.12"
      "@esbuild/win32-x64" "0.19.12"
  
  estree-walker@^3.0.3:
    version "3.0.3"
    resolved "https://registry.npmjs.org/estree-walker/-/estree-walker-3.0.3.tgz"
    integrity sha512-7RUKfXgSMMkzt6ZuXmqapOurLGPPfgj6l9uRZ7lRGolvk0y2yocc35LdcxKC5PQZdn2DMqioAQ2NoWcrTKmm6g==
    dependencies:
      "@types/estree" "^1.0.0"
  
  execa@^8.0.1:
    version "8.0.1"
    resolved "https://registry.npmjs.org/execa/-/execa-8.0.1.tgz"
    integrity sha512-VyhnebXciFV2DESc+p6B+y0LjSm0krU4OgJN44qFAhBY0TJ+1V61tYD2+wHusZ6F9n5K+vl8k0sTy7PEfV4qpg==
    dependencies:
      cross-spawn "^7.0.3"
      get-stream "^8.0.1"
      human-signals "^5.0.0"
      is-stream "^3.0.0"
      merge-stream "^2.0.0"
      npm-run-path "^5.1.0"
      onetime "^6.0.0"
      signal-exit "^4.1.0"
      strip-final-newline "^3.0.0"
  
  fs.realpath@^1.0.0:
    version "1.0.0"
    resolved "https://registry.npmjs.org/fs.realpath/-/fs.realpath-1.0.0.tgz"
    integrity sha512-OO0pH2lK6a0hZnAdau5ItzHPI6pUlvI7jMVnxUQRtw4owF2wk8lOSabtGDCTP4Ggrg2MbGnWO9X8K1t4+fGMDw==
  
  fsevents@~2.3.2, fsevents@~2.3.3:
    version "2.3.3"
    resolved "https://registry.yarnpkg.com/fsevents/-/fsevents-2.3.3.tgz#cac6407785d03675a2a5e1a5305c697b347d90d6"
    integrity sha512-5xoDfX+fL7faATnagmWPpbFtwh/R77WmMMqqHGS65C3vvB0YHrgF+B1YmZ3441tMj5n63k0212XNoJwzlhffQw==
  
  get-func-name@^2.0.1, get-func-name@^2.0.2:
    version "2.0.2"
    resolved "https://registry.npmjs.org/get-func-name/-/get-func-name-2.0.2.tgz"
    integrity sha512-8vXOvuE167CtIc3OyItco7N/dpRtBbYOsPsXCz7X/PMnlGjYjSGuZJgM1Y7mmew7BKf9BqvLX2tnOVy1BBUsxQ==
  
  get-stream@^8.0.1:
    version "8.0.1"
    resolved "https://registry.npmjs.org/get-stream/-/get-stream-8.0.1.tgz"
    integrity sha512-VaUJspBffn/LMCJVoMvSAdmscJyS1auj5Zulnn5UoYcY531UWmdwhRWkcGKnGU93m5HSXP9LP2usOryrBtQowA==
  
  glob@^7.1.6:
    version "7.2.3"
    resolved "https://registry.npmjs.org/glob/-/glob-7.2.3.tgz"
    integrity sha512-nFR0zLpU2YCaRxwoCJvL6UvCH2JFyFVIvwTLsIf21AuHlMskA1hhTdk+LlYJtOlYt9v6dvszD2BGRqBL+iQK9Q==
    dependencies:
      fs.realpath "^1.0.0"
      inflight "^1.0.4"
      inherits "2"
      minimatch "^3.1.1"
      once "^1.3.0"
      path-is-absolute "^1.0.0"
  
  human-signals@^5.0.0:
    version "5.0.0"
    resolved "https://registry.npmjs.org/human-signals/-/human-signals-5.0.0.tgz"
    integrity sha512-AXcZb6vzzrFAUE61HnN4mpLqd/cSIwNQjtNWR0euPm6y0iqx3G4gOXaIDdtdDwZmhwe82LA6+zinmW4UBWVePQ==
  
  inflight@^1.0.4:
    version "1.0.6"
    resolved "https://registry.npmjs.org/inflight/-/inflight-1.0.6.tgz"
    integrity sha512-k92I/b08q4wvFscXCLvqfsHCrjrF7yiXsQuIVvVE7N82W3+aqpzuUdBbfhWcy/FZR3/4IgflMgKLOsvPDrGCJA==
    dependencies:
      once "^1.3.0"
      wrappy "1"
  
  inherits@2:
    version "2.0.4"
    resolved "https://registry.npmjs.org/inherits/-/inherits-2.0.4.tgz"
    integrity sha512-k/vGaX4/Yla3WzyMCvTQOXYeIHvqOKtnqBduzTHpzpQZzAskKMhZ2K+EnBiSM9zGSoIFeMpXKxa4dYeZIQqewQ==
  
  is-stream@^3.0.0:
    version "3.0.0"
    resolved "https://registry.npmjs.org/is-stream/-/is-stream-3.0.0.tgz"
    integrity sha512-LnQR4bZ9IADDRSkvpqMGvt/tEJWclzklNgSw48V5EAaAeDd6qGvN8ei6k5p0tvxSR171VmGyHuTiAOfxAbr8kA==
  
  isexe@^2.0.0:
    version "2.0.0"
    resolved "https://registry.npmjs.org/isexe/-/isexe-2.0.0.tgz"
    integrity sha512-RHxMLp9lnKHGHRng9QFhRCMbYAcVpn69smSGcq3f36xjgVVWThj4qqLbTLlq7Ssj8B+fIQ1EuCEGI2lKsyQeIw==
  
  js-tokens@^9.0.0:
    version "9.0.0"
    resolved "https://registry.yarnpkg.com/js-tokens/-/js-tokens-9.0.0.tgz#0f893996d6f3ed46df7f0a3b12a03f5fd84223c1"
    integrity sha512-WriZw1luRMlmV3LGJaR6QOJjWwgLUTf89OwT2lUOyjX2dJGBwgmIkbcz+7WFZjrZM635JOIR517++e/67CP9dQ==
  
  jsonc-parser@^3.2.0:
    version "3.2.1"
    resolved "https://registry.npmjs.org/jsonc-parser/-/jsonc-parser-3.2.1.tgz"
    integrity sha512-AilxAyFOAcK5wA1+LeaySVBrHsGQvUFCDWXKpZjzaL0PqW+xfBOttn8GNtWKFWqneyMZj41MWF9Kl6iPWLwgOA==
  
  local-pkg@^0.5.0:
    version "0.5.0"
    resolved "https://registry.npmjs.org/local-pkg/-/local-pkg-0.5.0.tgz"
    integrity sha512-ok6z3qlYyCDS4ZEU27HaU6x/xZa9Whf8jD4ptH5UZTQYZVYeb9bnZ3ojVhiJNLiXK1Hfc0GNbLXcmZ5plLDDBg==
    dependencies:
      mlly "^1.4.2"
      pkg-types "^1.0.3"
  
  loupe@^2.3.6, loupe@^2.3.7:
    version "2.3.7"
    resolved "https://registry.npmjs.org/loupe/-/loupe-2.3.7.tgz"
    integrity sha512-zSMINGVYkdpYSOBmLi0D1Uo7JU9nVdQKrHxC8eYlV+9YKK9WePqAlL7lSlorG/U2Fw1w0hTBmaa/jrQ3UbPHtA==
    dependencies:
      get-func-name "^2.0.1"
  
  magic-string@^0.30.5:
    version "0.30.5"
    resolved "https://registry.npmjs.org/magic-string/-/magic-string-0.30.5.tgz"
    integrity sha512-7xlpfBaQaP/T6Vh8MO/EqXSW5En6INHEvEXQiuff7Gku0PWjU3uf6w/j9o7O+SpB5fOAkrI5HeoNgwjEO0pFsA==
    dependencies:
      "@jridgewell/sourcemap-codec" "^1.4.15"
  
  make-error@^1.1.1:
    version "1.3.6"
    resolved "https://registry.npmjs.org/make-error/-/make-error-1.3.6.tgz"
    integrity sha512-s8UhlNe7vPKomQhC1qFelMokr/Sc3AgNbso3n74mVPA5LTZwkB9NlXf4XPamLxJE8h0gh73rM94xvwRT2CVInw==
  
  merge-stream@^2.0.0:
    version "2.0.0"
    resolved "https://registry.npmjs.org/merge-stream/-/merge-stream-2.0.0.tgz"
    integrity sha512-abv/qOcuPfk3URPfDzmZU1LKmuw8kT+0nIHvKrKgFrwifol/doWcdA4ZqsWQ8ENrFKkd67Mfpo/LovbIUsbt3w==
  
  mimic-fn@^4.0.0:
    version "4.0.0"
    resolved "https://registry.npmjs.org/mimic-fn/-/mimic-fn-4.0.0.tgz"
    integrity sha512-vqiC06CuhBTUdZH+RYl8sFrL096vA45Ok5ISO6sE/Mr1jRbGH4Csnhi8f3wKVl7x8mO4Au7Ir9D3Oyv1VYMFJw==
  
  minimatch@^3.1.1:
    version "3.1.2"
    resolved "https://registry.npmjs.org/minimatch/-/minimatch-3.1.2.tgz"
    integrity sha512-J7p63hRiAjw1NDEww1W7i37+ByIrOWO5XQQAzZ3VOcL0PNybwpfmV/N05zFAzwQ9USyEcX6t3UO+K5aqBQOIHw==
    dependencies:
      brace-expansion "^1.1.7"
  
  mlly@^1.2.0, mlly@^1.4.2:
    version "1.5.0"
    resolved "https://registry.npmjs.org/mlly/-/mlly-1.5.0.tgz"
    integrity sha512-NPVQvAY1xr1QoVeG0cy8yUYC7FQcOx6evl/RjT1wL5FvzPnzOysoqB/jmx/DhssT2dYa8nxECLAaFI/+gVLhDQ==
    dependencies:
      acorn "^8.11.3"
      pathe "^1.1.2"
      pkg-types "^1.0.3"
      ufo "^1.3.2"
  
  ms@2.1.2:
    version "2.1.2"
    resolved "https://registry.npmjs.org/ms/-/ms-2.1.2.tgz"
    integrity sha512-sGkPx+VjMtmA6MX27oA4FBFELFCZZ4S4XqeGOXCv68tT+jb3vk/RyaKWP0PTKyWtmLSM0b+adUTEvbs1PEaH2w==
  
  nanoid@^3.3.7:
    version "3.3.7"
    resolved "https://registry.npmjs.org/nanoid/-/nanoid-3.3.7.tgz"
    integrity sha512-eSRppjcPIatRIMC1U6UngP8XFcz8MQWGQdt1MTBQ7NaAmvXDfvNxbvWV3x2y6CdEUciCSsDHDQZbhYaB8QEo2g==
  
  npm-run-path@^5.1.0:
    version "5.2.0"
    resolved "https://registry.npmjs.org/npm-run-path/-/npm-run-path-5.2.0.tgz"
    integrity sha512-W4/tgAXFqFA0iL7fk0+uQ3g7wkL8xJmx3XdK0VGb4cHW//eZTtKGvFBBoRKVTpY7n6ze4NL9ly7rgXcHufqXKg==
    dependencies:
      path-key "^4.0.0"
  
  once@^1.3.0:
    version "1.4.0"
    resolved "https://registry.npmjs.org/once/-/once-1.4.0.tgz"
    integrity sha512-lNaJgI+2Q5URQBkccEKHTQOPaXdUxnZZElQTZY0MFUAuaEqe1E+Nyvgdz/aIyNi6Z9MzO5dv1H8n58/GELp3+w==
    dependencies:
      wrappy "1"
  
  onetime@^6.0.0:
    version "6.0.0"
    resolved "https://registry.npmjs.org/onetime/-/onetime-6.0.0.tgz"
    integrity sha512-1FlR+gjXK7X+AsAHso35MnyN5KqGwJRi/31ft6x0M194ht7S+rWAvd7PHss9xSKMzE0asv1pyIHaJYq+BbacAQ==
    dependencies:
      mimic-fn "^4.0.0"
  
  p-limit@^5.0.0:
    version "5.0.0"
    resolved "https://registry.npmjs.org/p-limit/-/p-limit-5.0.0.tgz"
    integrity sha512-/Eaoq+QyLSiXQ4lyYV23f14mZRQcXnxfHrN0vCai+ak9G0pp9iEQukIIZq5NccEvwRB8PUnZT0KsOoDCINS1qQ==
    dependencies:
      yocto-queue "^1.0.0"
  
  path-is-absolute@^1.0.0:
    version "1.0.1"
    resolved "https://registry.npmjs.org/path-is-absolute/-/path-is-absolute-1.0.1.tgz"
    integrity sha512-AVbw3UJ2e9bq64vSaS9Am0fje1Pa8pbGqTTsmXfaIiMpnr5DlDhfJOuLj9Sf95ZPVDAUerDfEk88MPmPe7UCQg==
  
  path-key@^3.1.0:
    version "3.1.1"
    resolved "https://registry.npmjs.org/path-key/-/path-key-3.1.1.tgz"
    integrity sha512-ojmeN0qd+y0jszEtoY48r0Peq5dwMEkIlCOu6Q5f41lfkswXuKtYrhgoTpLnyIcHm24Uhqx+5Tqm2InSwLhE6Q==
  
  path-key@^4.0.0:
    version "4.0.0"
    resolved "https://registry.npmjs.org/path-key/-/path-key-4.0.0.tgz"
    integrity sha512-haREypq7xkM7ErfgIyA0z+Bj4AGKlMSdlQE2jvJo6huWD1EdkKYV+G/T4nq0YEF2vgTT8kqMFKo1uHn950r4SQ==
  
  pathe@^1.1.0, pathe@^1.1.1, pathe@^1.1.2:
    version "1.1.2"
    resolved "https://registry.npmjs.org/pathe/-/pathe-1.1.2.tgz"
    integrity sha512-whLdWMYL2TwI08hn8/ZqAbrVemu0LNaNNJZX73O6qaIdCTfXutsLhMkjdENX0qhsQ9uIimo4/aQOmXkoon2nDQ==
  
  pathval@^1.1.1:
    version "1.1.1"
    resolved "https://registry.npmjs.org/pathval/-/pathval-1.1.1.tgz"
    integrity sha512-Dp6zGqpTdETdR63lehJYPeIOqpiNBNtc7BpWSLrOje7UaIsE5aY92r/AunQA7rsXvet3lrJ3JnZX29UPTKXyKQ==
  
  picocolors@^1.0.0:
    version "1.0.0"
    resolved "https://registry.npmjs.org/picocolors/-/picocolors-1.0.0.tgz"
    integrity sha512-1fygroTLlHu66zi26VoTDv8yRgm0Fccecssto+MhsZ0D/DGW2sm8E8AjW7NU5VVTRt5GxbeZ5qBuJr+HyLYkjQ==
  
  pkg-types@^1.0.3:
    version "1.0.3"
    resolved "https://registry.npmjs.org/pkg-types/-/pkg-types-1.0.3.tgz"
    integrity sha512-nN7pYi0AQqJnoLPC9eHFQ8AcyaixBUOwvqc5TDnIKCMEE6I0y8P7OKA7fPexsXGCGxQDl/cmrLAp26LhcwxZ4A==
    dependencies:
      jsonc-parser "^3.2.0"
      mlly "^1.2.0"
      pathe "^1.1.0"
  
  postcss@^8.4.32:
    version "8.4.33"
    resolved "https://registry.npmjs.org/postcss/-/postcss-8.4.33.tgz"
    integrity sha512-Kkpbhhdjw2qQs2O2DGX+8m5OVqEcbB9HRBvuYM9pgrjEFUg30A9LmXNlTAUj4S9kgtGyrMbTzVjH7E+s5Re2yg==
    dependencies:
      nanoid "^3.3.7"
      picocolors "^1.0.0"
      source-map-js "^1.0.2"
  
  prettier@2.2.1:
    version "2.2.1"
    resolved "https://registry.npmjs.org/prettier/-/prettier-2.2.1.tgz"
    integrity sha512-PqyhM2yCjg/oKkFPtTGUojv7gnZAoG80ttl45O6x2Ug/rMJw4wcc9k6aaf2hibP7BGVCCM33gZoGjyvt9mm16Q==
  
  pretty-format@^29.7.0:
    version "29.7.0"
    resolved "https://registry.npmjs.org/pretty-format/-/pretty-format-29.7.0.tgz"
    integrity sha512-Pdlw/oPxN+aXdmM9R00JVC9WVFoCLTKJvDVLgmJ+qAffBMxsV85l/Lu7sNx4zSzPyoL2euImuEwHhOXdEgNFZQ==
    dependencies:
      "@jest/schemas" "^29.6.3"
      ansi-styles "^5.0.0"
      react-is "^18.0.0"
  
  react-is@^18.0.0:
    version "18.2.0"
    resolved "https://registry.npmjs.org/react-is/-/react-is-18.2.0.tgz"
    integrity sha512-xWGDIW6x921xtzPkhiULtthJHoJvBbF3q26fzloPCK0hsvxtPVelvftw3zjbHWSkR2km9Z+4uxbDDK/6Zw9B8w==
  
  rollup@^4.2.0:
    version "4.9.6"
    resolved "https://registry.npmjs.org/rollup/-/rollup-4.9.6.tgz"
    integrity sha512-05lzkCS2uASX0CiLFybYfVkwNbKZG5NFQ6Go0VWyogFTXXbR039UVsegViTntkk4OglHBdF54ccApXRRuXRbsg==
    dependencies:
      "@types/estree" "1.0.5"
    optionalDependencies:
      "@rollup/rollup-android-arm-eabi" "4.9.6"
      "@rollup/rollup-android-arm64" "4.9.6"
      "@rollup/rollup-darwin-arm64" "4.9.6"
      "@rollup/rollup-darwin-x64" "4.9.6"
      "@rollup/rollup-linux-arm-gnueabihf" "4.9.6"
      "@rollup/rollup-linux-arm64-gnu" "4.9.6"
      "@rollup/rollup-linux-arm64-musl" "4.9.6"
      "@rollup/rollup-linux-riscv64-gnu" "4.9.6"
      "@rollup/rollup-linux-x64-gnu" "4.9.6"
      "@rollup/rollup-linux-x64-musl" "4.9.6"
      "@rollup/rollup-win32-arm64-msvc" "4.9.6"
      "@rollup/rollup-win32-ia32-msvc" "4.9.6"
      "@rollup/rollup-win32-x64-msvc" "4.9.6"
      fsevents "~2.3.2"
  
  shebang-command@^2.0.0:
    version "2.0.0"
    resolved "https://registry.npmjs.org/shebang-command/-/shebang-command-2.0.0.tgz"
    integrity sha512-kHxr2zZpYtdmrN1qDjrrX/Z1rR1kG8Dx+gkpK1G4eXmvXswmcE1hTWBWYUzlraYw1/yZp6YuDY77YtvbN0dmDA==
    dependencies:
      shebang-regex "^3.0.0"
  
  shebang-regex@^3.0.0:
    version "3.0.0"
    resolved "https://registry.npmjs.org/shebang-regex/-/shebang-regex-3.0.0.tgz"
    integrity sha512-7++dFhtcx3353uBaq8DDR4NuxBetBzC7ZQOhmTQInHEd6bSrXdiEyzCvG07Z44UYdLShWUyXt5M/yhz8ekcb1A==
  
  siginfo@^2.0.0:
    version "2.0.0"
    resolved "https://registry.npmjs.org/siginfo/-/siginfo-2.0.0.tgz"
    integrity sha512-ybx0WO1/8bSBLEWXZvEd7gMW3Sn3JFlW3TvX1nREbDLRNQNaeNN8WK0meBwPdAaOI7TtRRRJn/Es1zhrrCHu7g==
  
  signal-exit@^4.1.0:
    version "4.1.0"
    resolved "https://registry.npmjs.org/signal-exit/-/signal-exit-4.1.0.tgz"
    integrity sha512-bzyZ1e88w9O1iNJbKnOlvYTrWPDl46O1bG0D3XInv+9tkPrxrN8jUUTiFlDkkmKWgn1M6CfIA13SuGqOa9Korw==
  
  source-map-js@^1.0.2:
    version "1.0.2"
    resolved "https://registry.npmjs.org/source-map-js/-/source-map-js-1.0.2.tgz"
    integrity sha512-R0XvVJ9WusLiqTCEiGCmICCMplcCkIwwR11mOSD9CR5u+IXYdiseeEuXCVAjS54zqwkLcPNnmU4OeJ6tUrWhDw==
  
  stackback@0.0.2:
    version "0.0.2"
    resolved "https://registry.npmjs.org/stackback/-/stackback-0.0.2.tgz"
    integrity sha512-1XMJE5fQo1jGH6Y/7ebnwPOBEkIEnT4QF32d5R1+VXdXveM0IBMJt8zfaxX1P3QhVwrYe+576+jkANtSS2mBbw==
  
  std-env@^3.5.0:
    version "3.7.0"
    resolved "https://registry.npmjs.org/std-env/-/std-env-3.7.0.tgz"
    integrity sha512-JPbdCEQLj1w5GilpiHAx3qJvFndqybBysA3qUOnznweH4QbNYUsW/ea8QzSrnh0vNsezMMw5bcVool8lM0gwzg==
  
  strip-final-newline@^3.0.0:
    version "3.0.0"
    resolved "https://registry.npmjs.org/strip-final-newline/-/strip-final-newline-3.0.0.tgz"
    integrity sha512-dOESqjYr96iWYylGObzd39EuNTa5VJxyvVAEm5Jnh7KGo75V43Hk1odPQkNDyXNmUR6k+gEiDVXnjB8HJ3crXw==
  
  strip-literal@^1.3.0:
    version "1.3.0"
    resolved "https://registry.npmjs.org/strip-literal/-/strip-literal-1.3.0.tgz"
    integrity sha512-PugKzOsyXpArk0yWmUwqOZecSO0GH0bPoctLcqNDH9J04pVW3lflYE0ujElBGTloevcxF5MofAOZ7C5l2b+wLg==
    dependencies:
      acorn "^8.10.0"
  
  strip-literal@^2.0.0:
    version "2.1.0"
    resolved "https://registry.yarnpkg.com/strip-literal/-/strip-literal-2.1.0.tgz#6d82ade5e2e74f5c7e8739b6c84692bd65f0bd2a"
    integrity sha512-Op+UycaUt/8FbN/Z2TWPBLge3jWrP3xj10f3fnYxf052bKuS3EKs1ZQcVGjnEMdsNVAM+plXRdmjrZ/KgG3Skw==
    dependencies:
      js-tokens "^9.0.0"
  
  tinybench@^2.5.1:
    version "2.6.0"
    resolved "https://registry.npmjs.org/tinybench/-/tinybench-2.6.0.tgz"
    integrity sha512-N8hW3PG/3aOoZAN5V/NSAEDz0ZixDSSt5b/a05iqtpgfLWMSVuCo7w0k2vVvEjdrIoeGqZzweX2WlyioNIHchA==
  
  tinypool@^0.8.1:
    version "0.8.2"
    resolved "https://registry.npmjs.org/tinypool/-/tinypool-0.8.2.tgz"
    integrity sha512-SUszKYe5wgsxnNOVlBYO6IC+8VGWdVGZWAqUxp3UErNBtptZvWbwyUOyzNL59zigz2rCA92QiL3wvG+JDSdJdQ==
  
  tinypool@^0.8.3:
    version "0.8.4"
    resolved "https://registry.yarnpkg.com/tinypool/-/tinypool-0.8.4.tgz#e217fe1270d941b39e98c625dcecebb1408c9aa8"
    integrity sha512-i11VH5gS6IFeLY3gMBQ00/MmLncVP7JLXOw1vlgkytLmJK7QnEr7NXf0LBdxfmNPAeyetukOk0bOYrJrFGjYJQ==
  
  tinyspy@^2.2.0:
    version "2.2.0"
    resolved "https://registry.npmjs.org/tinyspy/-/tinyspy-2.2.0.tgz"
    integrity sha512-d2eda04AN/cPOR89F7Xv5bK/jrQEhmcLFe6HFldoeO9AJtps+fqEnh486vnT/8y4bw38pSyxDcTCAq+Ks2aJTg==
  
  trim-right@^1.0.1:
    version "1.0.1"
    resolved "https://registry.npmjs.org/trim-right/-/trim-right-1.0.1.tgz"
    integrity sha512-WZGXGstmCWgeevgTL54hrCuw1dyMQIzWy7ZfqRJfSmJZBwklI15egmQytFP6bPidmw3M8d5yEowl1niq4vmqZw==
  
  ts-node@^10.9.2:
    version "10.9.2"
    resolved "https://registry.yarnpkg.com/ts-node/-/ts-node-10.9.2.tgz#70f021c9e185bccdca820e26dc413805c101c71f"
    integrity sha512-f0FFpIdcHgn8zcPSbf1dRevwt047YMnaiJM3u2w2RewrB+fob/zePZcrOyQoLMMO7aBIddLcQIEK5dYjkLnGrQ==
    dependencies:
      "@cspotcode/source-map-support" "^0.8.0"
      "@tsconfig/node10" "^1.0.7"
      "@tsconfig/node12" "^1.0.7"
      "@tsconfig/node14" "^1.0.0"
      "@tsconfig/node16" "^1.0.2"
      acorn "^8.4.1"
      acorn-walk "^8.1.1"
      arg "^4.1.0"
      create-require "^1.1.0"
      diff "^4.0.1"
      make-error "^1.1.1"
      v8-compile-cache-lib "^3.0.1"
      yn "3.1.1"
  
  turbo-darwin-64@1.11.3:
    version "1.11.3"
    resolved "https://registry.yarnpkg.com/turbo-darwin-64/-/turbo-darwin-64-1.11.3.tgz#fb51f6fa030ee7a169d383b5f4f7641df6a3bdb8"
    integrity sha512-IsOOg2bVbIt3o/X8Ew9fbQp5t1hTHN3fGNQYrPQwMR2W1kIAC6RfbVD4A9OeibPGyEPUpwOH79hZ9ydFH5kifw==
  
  turbo-darwin-arm64@1.11.3:
    version "1.11.3"
    resolved "https://registry.yarnpkg.com/turbo-darwin-arm64/-/turbo-darwin-arm64-1.11.3.tgz#f936cc7ba5565bd9be1ddc8ef4f15284044a63a5"
    integrity sha512-FsJL7k0SaPbJzI/KCnrf/fi3PgCDCjTliMc/kEFkuWVA6Httc3Q4lxyLIIinz69q6JTx8wzh6yznUMzJRI3+dg==
  
  turbo-linux-64@1.11.3:
    version "1.11.3"
    resolved "https://registry.npmjs.org/turbo-linux-64/-/turbo-linux-64-1.11.3.tgz"
    integrity sha512-SvW7pvTVRGsqtSkII5w+wriZXvxqkluw5FO/MNAdFw0qmoov+PZ237+37/NgArqE3zVn1GX9P6nUx9VO+xcQAg==
  
  turbo-linux-arm64@1.11.3:
    version "1.11.3"
    resolved "https://registry.yarnpkg.com/turbo-linux-arm64/-/turbo-linux-arm64-1.11.3.tgz#0001dab6ded89154e2a5be21e87720daba953056"
    integrity sha512-YhUfBi1deB3m+3M55X458J6B7RsIS7UtM3P1z13cUIhF+pOt65BgnaSnkHLwETidmhRh8Dl3GelaQGrB3RdCDw==
  
  turbo-windows-64@1.11.3:
    version "1.11.3"
    resolved "https://registry.yarnpkg.com/turbo-windows-64/-/turbo-windows-64-1.11.3.tgz#8d03c4fd8a46b81f2aecf60fc9845674c84d15a8"
    integrity sha512-s+vEnuM2TiZuAUUUpmBHDr6vnNbJgj+5JYfnYmVklYs16kXh+EppafYQOAkcRIMAh7GjV3pLq5/uGqc7seZeHA==
  
  turbo-windows-arm64@1.11.3:
    version "1.11.3"
    resolved "https://registry.yarnpkg.com/turbo-windows-arm64/-/turbo-windows-arm64-1.11.3.tgz#cc436d1462f5450e97f985ba6d8d447272bb97db"
    integrity sha512-ZR5z5Zpc7cASwfdRAV5yNScCZBsgGSbcwiA/u3farCacbPiXsfoWUkz28iyrx21/TRW0bi6dbsB2v17swa8bjw==
  
  turbo@^1.11.3:
    version "1.11.3"
    resolved "https://registry.npmjs.org/turbo/-/turbo-1.11.3.tgz"
    integrity sha512-RCJOUFcFMQNIGKSjC9YmA5yVP1qtDiBA0Lv9VIgrXraI5Da1liVvl3VJPsoDNIR9eFMyA/aagx1iyj6UWem5hA==
    optionalDependencies:
      turbo-darwin-64 "1.11.3"
      turbo-darwin-arm64 "1.11.3"
      turbo-linux-64 "1.11.3"
      turbo-linux-arm64 "1.11.3"
      turbo-windows-64 "1.11.3"
      turbo-windows-arm64 "1.11.3"
  
  type-detect@^4.0.0, type-detect@^4.0.8:
    version "4.0.8"
    resolved "https://registry.npmjs.org/type-detect/-/type-detect-4.0.8.tgz"
    integrity sha512-0fr/mIH1dlO+x7TlcMy+bIDqKPsw/70tVyeHW787goQjhmqaZe10uwLujubK9q9Lg6Fiho1KUKDYz0Z7k7g5/g==
  
  typescript@5.4.4:
    version "5.4.4"
    resolved "https://registry.yarnpkg.com/typescript/-/typescript-5.4.4.tgz#eb2471e7b0a5f1377523700a21669dce30c2d952"
    integrity sha512-dGE2Vv8cpVvw28v8HCPqyb08EzbBURxDpuhJvTrusShUfGnhHBafDsLdS1EhhxyL6BJQE+2cT3dDPAv+MQ6oLw==
  
  ufo@^1.3.2:
    version "1.3.2"
    resolved "https://registry.npmjs.org/ufo/-/ufo-1.3.2.tgz"
    integrity sha512-o+ORpgGwaYQXgqGDwd+hkS4PuZ3QnmqMMxRuajK/a38L6fTpcE5GPIfrf+L/KemFzfUpeUQc1rRS1iDBozvnFA==
  
  undici-types@~5.26.4:
    version "5.26.5"
    resolved "https://registry.npmjs.org/undici-types/-/undici-types-5.26.5.tgz"
    integrity sha512-JlCMO+ehdEIKqlFxk6IfVoAUVmgz7cU7zD/h9XZ0qzeosSHmUJVOzSQvvYSYWXkFXC+IfLKSIffhv0sVZup6pA==
  
  v8-compile-cache-lib@^3.0.1:
    version "3.0.1"
    resolved "https://registry.npmjs.org/v8-compile-cache-lib/-/v8-compile-cache-lib-3.0.1.tgz"
    integrity sha512-wa7YjyUGfNZngI/vtK0UHAN+lgDCxBPCylVXGp0zu59Fz5aiGtNXaq3DhIov063MorB+VfufLh3JlF2KdTK3xg==
  
  vite-node@1.2.1:
    version "1.2.1"
    resolved "https://registry.npmjs.org/vite-node/-/vite-node-1.2.1.tgz"
    integrity sha512-fNzHmQUSOY+y30naohBvSW7pPn/xn3Ib/uqm+5wAJQJiqQsU0NBR78XdRJb04l4bOFKjpTWld0XAfkKlrDbySg==
    dependencies:
      cac "^6.7.14"
      debug "^4.3.4"
      pathe "^1.1.1"
      picocolors "^1.0.0"
      vite "^5.0.0"
  
  vite-node@1.5.3:
    version "1.5.3"
    resolved "https://registry.yarnpkg.com/vite-node/-/vite-node-1.5.3.tgz#498f4eb6f4e37ff95f66ffb9c905708a75f84b2e"
    integrity sha512-axFo00qiCpU/JLd8N1gu9iEYL3xTbMbMrbe5nDp9GL0nb6gurIdZLkkFogZXWnE8Oyy5kfSLwNVIcVsnhE7lgQ==
    dependencies:
      cac "^6.7.14"
      debug "^4.3.4"
      pathe "^1.1.1"
      picocolors "^1.0.0"
      vite "^5.0.0"
  
  vite@^5.0.0:
    version "5.0.12"
    resolved "https://registry.npmjs.org/vite/-/vite-5.0.12.tgz"
    integrity sha512-4hsnEkG3q0N4Tzf1+t6NdN9dg/L3BM+q8SWgbSPnJvrgH2kgdyzfVJwbR1ic69/4uMJJ/3dqDZZE5/WwqW8U1w==
    dependencies:
      esbuild "^0.19.3"
      postcss "^8.4.32"
      rollup "^4.2.0"
    optionalDependencies:
      fsevents "~2.3.3"
  
  vitest@^1.2.1:
    version "1.2.1"
    resolved "https://registry.npmjs.org/vitest/-/vitest-1.2.1.tgz"
    integrity sha512-TRph8N8rnSDa5M2wKWJCMnztCZS9cDcgVTQ6tsTFTG/odHJ4l5yNVqvbeDJYJRZ6is3uxaEpFs8LL6QM+YFSdA==
    dependencies:
      "@vitest/expect" "1.2.1"
      "@vitest/runner" "1.2.1"
      "@vitest/snapshot" "1.2.1"
      "@vitest/spy" "1.2.1"
      "@vitest/utils" "1.2.1"
      acorn-walk "^8.3.2"
      cac "^6.7.14"
      chai "^4.3.10"
      debug "^4.3.4"
      execa "^8.0.1"
      local-pkg "^0.5.0"
      magic-string "^0.30.5"
      pathe "^1.1.1"
      picocolors "^1.0.0"
      std-env "^3.5.0"
      strip-literal "^1.3.0"
      tinybench "^2.5.1"
      tinypool "^0.8.1"
      vite "^5.0.0"
      vite-node "1.2.1"
      why-is-node-running "^2.2.2"
  
  vitest@^1.5.3:
    version "1.5.3"
    resolved "https://registry.yarnpkg.com/vitest/-/vitest-1.5.3.tgz#48880013373af16fa4c60a07dd3409fe19397a16"
    integrity sha512-2oM7nLXylw3mQlW6GXnRriw+7YvZFk/YNV8AxIC3Z3MfFbuziLGWP9GPxxu/7nRlXhqyxBikpamr+lEEj1sUEw==
    dependencies:
      "@vitest/expect" "1.5.3"
      "@vitest/runner" "1.5.3"
      "@vitest/snapshot" "1.5.3"
      "@vitest/spy" "1.5.3"
      "@vitest/utils" "1.5.3"
      acorn-walk "^8.3.2"
      chai "^4.3.10"
      debug "^4.3.4"
      execa "^8.0.1"
      local-pkg "^0.5.0"
      magic-string "^0.30.5"
      pathe "^1.1.1"
      picocolors "^1.0.0"
      std-env "^3.5.0"
      strip-literal "^2.0.0"
      tinybench "^2.5.1"
      tinypool "^0.8.3"
      vite "^5.0.0"
      vite-node "1.5.3"
      why-is-node-running "^2.2.2"
  
  which@^2.0.1:
    version "2.0.2"
    resolved "https://registry.npmjs.org/which/-/which-2.0.2.tgz"
    integrity sha512-BLI3Tl1TW3Pvl70l3yq3Y64i+awpwXqsGBYWkkqMtnbXgrMD+yj7rhW0kuEDxzJaYXGjEW5ogapKNMEKNMjibA==
    dependencies:
      isexe "^2.0.0"
  
  why-is-node-running@^2.2.2:
    version "2.2.2"
    resolved "https://registry.npmjs.org/why-is-node-running/-/why-is-node-running-2.2.2.tgz"
    integrity sha512-6tSwToZxTOcotxHeA+qGCq1mVzKR3CwcJGmVcY+QE8SHy6TnpFnh8PAvPNHYr7EcuVeG0QSMxtYCuO1ta/G/oA==
    dependencies:
      siginfo "^2.0.0"
      stackback "0.0.2"
  
  wrappy@1:
    version "1.0.2"
    resolved "https://registry.npmjs.org/wrappy/-/wrappy-1.0.2.tgz"
    integrity sha512-l4Sp/DRseor9wL6EvV2+TuQn63dMkPjZ/sp9XkghTEbV9KlPS1xUsZ3u7/IQO4wxtcFB4bgpQPRcR3QCvezPcQ==
  
  yn@3.1.1:
    version "3.1.1"
    resolved "https://registry.npmjs.org/yn/-/yn-3.1.1.tgz"
    integrity sha512-Ux4ygGWsu2c7isFWe8Yu1YluJmqVhxqK2cLXNQA5AcC3QfbGNpM7fu0Y8b/z16pXLnFxZYvWhd3fhBY9DLmC6Q==
  
  yocto-queue@^1.0.0:
    version "1.0.0"
    resolved "https://registry.npmjs.org/yocto-queue/-/yocto-queue-1.0.0.tgz"
    integrity sha512-9bnSc/HEW2uRy67wc+T8UwauLuPJVn28jb+GtJY16iiKWyvmYJRXVT4UamsAEGQfPohgr2q4Tq0sQbQlxTfi1g==
