[1/5] Validating package.json...
[2/5] Resolving packages...
success Already up-to-date.
warning angular@: The engine "grunt-cli" appears to be invalid.
$ /home/diwangs/Codes/1_PhD/2_proj/transparent/targets/angularjs-src/angular.js/node_modules/.bin/grunt test:unit --browsers=Firefox
CDN version (remote): v1.8.3
Current version (remote): v1.8.3
warning Resolution field "//1" does not end with a valid package name and will be ignored
warning Resolution field "//2" does not end with a valid package name and will be ignored
warning Resolution field "//3" does not end with a valid package name and will be ignored
[1/5] Validating package.json...
warning Resolution field "//1" does not end with a valid package name and will be ignored
warning Resolution field "//2" does not end with a valid package name and will be ignored
warning Resolution field "//3" does not end with a valid package name and will be ignored
warning angular@: The engine "grunt-cli" appears to be invalid.
[2/5] Resolving packages...
success Already up-to-date.
(node:79193) Warning: Accessing non-existent property 'cat' of module exports inside circular dependency
(Use `node --trace-warnings ...` to show where the warning was created)
(node:79193) Warning: Accessing non-existent property 'cd' of module exports inside circular dependency
(node:79193) Warning: Accessing non-existent property 'chmod' of module exports inside circular dependency
(node:79193) Warning: Accessing non-existent property 'cp' of module exports inside circular dependency
(node:79193) Warning: Accessing non-existent property 'dirs' of module exports inside circular dependency
(node:79193) Warning: Accessing non-existent property 'pushd' of module exports inside circular dependency
(node:79193) Warning: Accessing non-existent property 'popd' of module exports inside circular dependency
(node:79193) Warning: Accessing non-existent property 'echo' of module exports inside circular dependency
(node:79193) Warning: Accessing non-existent property 'tempdir' of module exports inside circular dependency
(node:79193) Warning: Accessing non-existent property 'pwd' of module exports inside circular dependency
(node:79193) Warning: Accessing non-existent property 'exec' of module exports inside circular dependency
(node:79193) Warning: Accessing non-existent property 'ls' of module exports inside circular dependency
(node:79193) Warning: Accessing non-existent property 'find' of module exports inside circular dependency
(node:79193) Warning: Accessing non-existent property 'grep' of module exports inside circular dependency
(node:79193) Warning: Accessing non-existent property 'head' of module exports inside circular dependency
(node:79193) Warning: Accessing non-existent property 'ln' of module exports inside circular dependency
(node:79193) Warning: Accessing non-existent property 'mkdir' of module exports inside circular dependency
(node:79193) Warning: Accessing non-existent property 'rm' of module exports inside circular dependency
(node:79193) Warning: Accessing non-existent property 'mv' of module exports inside circular dependency
(node:79193) Warning: Accessing non-existent property 'sed' of module exports inside circular dependency
(node:79193) Warning: Accessing non-existent property 'set' of module exports inside circular dependency
(node:79193) Warning: Accessing non-existent property 'sort' of module exports inside circular dependency
(node:79193) Warning: Accessing non-existent property 'tail' of module exports inside circular dependency
(node:79193) Warning: Accessing non-existent property 'test' of module exports inside circular dependency
(node:79193) Warning: Accessing non-existent property 'to' of module exports inside circular dependency
(node:79193) Warning: Accessing non-existent property 'toEnd' of module exports inside circular dependency
(node:79193) Warning: Accessing non-existent property 'touch' of module exports inside circular dependency
(node:79193) Warning: Accessing non-existent property 'uniq' of module exports inside circular dependency
(node:79193) Warning: Accessing non-existent property 'which' of module exports inside circular dependency
Running "tests:jqlite" (tests) task
[33m28 06 2024 17:54:16.624:WARN [filelist]: [39mAll files matched by "/home/diwangs/Codes/1_PhD/2_proj/transparent/targets/angularjs-src/angular.js/src/angular.bind.js" were excluded or matched by prior matchers.
[33m28 06 2024 17:54:16.643:WARN [filelist]: [39mAll files matched by "/home/diwangs/Codes/1_PhD/2_proj/transparent/targets/angularjs-src/angular.js/src/shallowCopy.js" were excluded or matched by prior matchers.
[33m28 06 2024 17:54:16.643:WARN [filelist]: [39mAll files matched by "/home/diwangs/Codes/1_PhD/2_proj/transparent/targets/angularjs-src/angular.js/src/routeToRegExp.js" were excluded or matched by prior matchers.
[32m28 06 2024 17:54:16.683:INFO [karma-server]: [39mKarma v4.4.1 server started at http://0.0.0.0:9876/
[32m28 06 2024 17:54:16.683:INFO [launcher]: [39mLaunching browsers Firefox with concurrency unlimited
[32m28 06 2024 17:54:16.688:INFO [launcher]: [39mStarting browser Firefox
[32m28 06 2024 17:54:18.801:INFO [Firefox 127.0.0 (Linux 0.0.0)]: [39mConnected on socket ThzFRc85H3R3D8_GAAAA with id 94468636
................................................................................
................................................................................
..........................................
ERROR: 'AngularJS: disabling automatic bootstrap. <script> protocol indicates an extension, document.location.href does not match.'
................................................................................
........................[33m28 06 2024 17:54:20.124:WARN [web-server]: [39m404: /%3E%3Cimg%20src=url404%20onerror=xss(9)%3E
........................................................
................................................................................
................................................................................
................................................................................
................................................................................
................................................................................
................................................................................
................................................................................
................................................................................
................................................................................
.......[33m28 06 2024 17:54:23.017:WARN [web-server]: [39m404: /abc
.........................................................................
................................................................................
................................................................................
................................................................................
.................[33m28 06 2024 17:54:24.202:WARN [web-server]: [39m404: /%7B%7BtestUrl%7D%7D
..........[33m28 06 2024 17:54:24.248:WARN [web-server]: [39m404: /%7B%7BtestUrl%7D%7Dponies
..[33m28 06 2024 17:54:24.257:WARN [web-server]: [39m404: /%7B%7BtestUrl%7D%7D
[33m28 06 2024 17:54:24.258:WARN [web-server]: [39m404: /someSanitizedUrl
.[33m28 06 2024 17:54:24.260:WARN [web-server]: [39m404: /%7B%7BtestUrl%7D%7Dponies
.[33m28 06 2024 17:54:24.266:WARN [web-server]: [39m404: /%7B%7BtestUrl%7D%7D
......[33m28 06 2024 17:54:24.286:WARN [web-server]: [39m404: /someSanitizedUrl
...........................................
..[33m28 06 2024 17:54:24.459:WARN [web-server]: [39m404: /other-image.png
.[33m28 06 2024 17:54:24.464:WARN [web-server]: [39m404: /constant.png
.............................................................................
................................................................................
................................................................................
................................................................................
................................................................................
................................................................................
................................................................................
................................................................................
................................................................................
................................................................................
................................................................................
................................................................................
................................................................................
................................................................................
................................................................................
...................[33m28 06 2024 17:54:30.185:WARN [web-server]: [39m404: /somewhere/here
.[33m28 06 2024 17:54:30.189:WARN [web-server]: [39m404: /some/1
.[33m28 06 2024 17:54:30.195:WARN [web-server]: [39m404: /dynamic
..............[33m28 06 2024 17:54:30.241:WARN [web-server]: [39m404: /some/1
.............................................
................................................................................
................................................................................
................................................................................
................................................................................
................................................................................
................................................................................
................................................................................
................................................................................
................................................................................
................................................................................
................................................................................
................[33m28 06 2024 17:54:33.021:WARN [web-server]: [39m404: /someSanitizedUrl
.......[33m28 06 2024 17:54:33.044:WARN [web-server]: [39m404: /someSanitizedUrl
.........................................................
................................................................................
................................................................................
................................................................................
................................................................................
................................................................................
................................................................................
................................................................................
................................................................................
................................................................................
................................................................................
................................................................................
................................................................................
................................................................................
................................................................................
................................................................................
................................................................................
................................................................................
................................................................................
................................................................................
................................................................................
................................................................................
................................................................................
................................................................................
................................................................................
................................................................................
................................................................................
................................................................................
................................................................................
................................................................................
................................................................................
.................................................
Firefox 127.0.0 (Linux 0.0.0): Executed 6171 of 6171 SUCCESS (22.791 secs / 22.153 secs)

Running "tests:jquery" (tests) task
[33m28 06 2024 17:54:43.675:WARN [filelist]: [39mAll files matched by "/home/diwangs/Codes/1_PhD/2_proj/transparent/targets/angularjs-src/angular.js/src/angular.bind.js" were excluded or matched by prior matchers.
[33m28 06 2024 17:54:43.697:WARN [filelist]: [39mAll files matched by "/home/diwangs/Codes/1_PhD/2_proj/transparent/targets/angularjs-src/angular.js/src/shallowCopy.js" were excluded or matched by prior matchers.
[33m28 06 2024 17:54:43.697:WARN [filelist]: [39mAll files matched by "/home/diwangs/Codes/1_PhD/2_proj/transparent/targets/angularjs-src/angular.js/src/routeToRegExp.js" were excluded or matched by prior matchers.
[32m28 06 2024 17:54:43.740:INFO [karma-server]: [39mKarma v4.4.1 server started at http://0.0.0.0:9876/
[32m28 06 2024 17:54:43.740:INFO [launcher]: [39mLaunching browsers Firefox with concurrency unlimited
[32m28 06 2024 17:54:43.743:INFO [launcher]: [39mStarting browser Firefox
[32m28 06 2024 17:54:45.884:INFO [Firefox 127.0.0 (Linux 0.0.0)]: [39mConnected on socket I4y0r8rzf35SaQjrAAAA with id 35178162
................................................................................
................................................................................
..........................................
ERROR: 'AngularJS: disabling automatic bootstrap. <script> protocol indicates an extension, document.location.href does not match.'
................................................................................
................................[33m28 06 2024 17:54:47.317:WARN [web-server]: [39m404: /%3E%3Cimg%20src=url404%20onerror=xss(9)%3E
................................................
................................................................................
................................................................................
................................................................................
................................................................................
................................................................................
................................................................................
................................................................................
................................................................................
................................................................................
.........[33m28 06 2024 17:54:49.998:WARN [web-server]: [39m404: /abc
.......................................................................
................................................................................
................................................................................
................................................................................
...................[33m28 06 2024 17:54:51.164:WARN [web-server]: [39m404: /%7B%7BtestUrl%7D%7D
[33m28 06 2024 17:54:51.170:WARN [web-server]: [39m404: /%7B%7BtestUrl%7D%7D
.........[33m28 06 2024 17:54:51.223:WARN [web-server]: [39m404: /%7B%7BtestUrl%7D%7D
...[33m28 06 2024 17:54:51.235:WARN [web-server]: [39m404: /%7B%7BtestUrl%7D%7D
[33m28 06 2024 17:54:51.237:WARN [web-server]: [39m404: /someSanitizedUrl
.[33m28 06 2024 17:54:51.240:WARN [web-server]: [39m404: /%7B%7BtestUrl%7D%7Dponies
.[33m28 06 2024 17:54:51.248:WARN [web-server]: [39m404: /%7B%7BtestUrl%7D%7D
......[33m28 06 2024 17:54:51.268:WARN [web-server]: [39m404: /someSanitizedUrl
.........................................
...[33m28 06 2024 17:54:51.433:WARN [web-server]: [39m404: /other-image.png
..[33m28 06 2024 17:54:51.440:WARN [web-server]: [39m404: /constant.png
...........................................................................
................................................................................
................................................................................
................................................................................
................................................................................
................................................................................
................................................................................
................................................................................
................................................................................
................................................................................
................................................................................
................................................................................
................................................................................
................................................................................
................................................................................
.......................[33m28 06 2024 17:54:57.601:WARN [web-server]: [39m404: /somewhere/here
.[33m28 06 2024 17:54:57.605:WARN [web-server]: [39m404: /some/1
.[33m28 06 2024 17:54:57.609:WARN [web-server]: [39m404: /dynamic
..............[33m28 06 2024 17:54:57.655:WARN [web-server]: [39m404: /some/1
.........................................
................................................................................
................................................................................
................................................................................
................................................................................
................................................................................
................................................................................
................................................................................
................................................................................
................................................................................
................................................................................
................................................................................
.....................[33m28 06 2024 17:55:00.483:WARN [web-server]: [39m404: /someSanitizedUrl
.......[33m28 06 2024 17:55:00.504:WARN [web-server]: [39m404: /someSanitizedUrl
....................................................
................................................................................
................................................................................
................................................................................
................................................................................
................................................................................
................................................................................
................................................................................
................................................................................
................................................................................
................................................................................
................................................................................
................................................................................
................................................................................
................................................................................
................................................................................
................................................................................
................................................................................
................................................................................
................................................................................
................................................................................
................................................................................
................................................................................
................................................................................
................................................................................
................................................................................
................................................................................
................................................................................
................................................................................
................................................................................
................................................................................
.....................................................
Firefox 127.0.0 (Linux 0.0.0): Executed 6175 of 6175 SUCCESS (21.349 secs / 20.685 secs)

Running "tests:jquery-2.2" (tests) task
[33m28 06 2024 17:55:08.884:WARN [filelist]: [39mAll files matched by "/home/diwangs/Codes/1_PhD/2_proj/transparent/targets/angularjs-src/angular.js/src/angular.bind.js" were excluded or matched by prior matchers.
[33m28 06 2024 17:55:08.920:WARN [filelist]: [39mAll files matched by "/home/diwangs/Codes/1_PhD/2_proj/transparent/targets/angularjs-src/angular.js/src/shallowCopy.js" were excluded or matched by prior matchers.
[33m28 06 2024 17:55:08.920:WARN [filelist]: [39mAll files matched by "/home/diwangs/Codes/1_PhD/2_proj/transparent/targets/angularjs-src/angular.js/src/routeToRegExp.js" were excluded or matched by prior matchers.
[32m28 06 2024 17:55:08.957:INFO [karma-server]: [39mKarma v4.4.1 server started at http://0.0.0.0:9876/
[32m28 06 2024 17:55:08.957:INFO [launcher]: [39mLaunching browsers Firefox with concurrency unlimited
[32m28 06 2024 17:55:08.961:INFO [launcher]: [39mStarting browser Firefox
[32m28 06 2024 17:55:11.238:INFO [Firefox 127.0.0 (Linux 0.0.0)]: [39mConnected on socket jSk1S_Vet97RrsC6AAAA with id 30615969
................................................................................
................................................................................
..........................................
ERROR: 'AngularJS: disabling automatic bootstrap. <script> protocol indicates an extension, document.location.href does not match.'
................................................................................
................................................................................
................................................................................
................................................................................
................................................................................
................................................................................
................................................................................
................................................................................
................................................................................
................................................................................
................................................................................
.....[33m28 06 2024 17:55:14.730:WARN [web-server]: [39m404: /abc
...........................................................................
................................................................................
................................................................................
................................................................................
...............[33m28 06 2024 17:55:15.892:WARN [web-server]: [39m404: /%7B%7BtestUrl%7D%7D
.........[33m28 06 2024 17:55:15.933:WARN [web-server]: [39m404: /%7B%7BtestUrl%7D%7D
...[33m28 06 2024 17:55:15.946:WARN [web-server]: [39m404: /%7B%7BtestUrl%7D%7D
[33m28 06 2024 17:55:15.947:WARN [web-server]: [39m404: /someSanitizedUrl
.[33m28 06 2024 17:55:15.950:WARN [web-server]: [39m404: /%7B%7BtestUrl%7D%7Dponies
.[33m28 06 2024 17:55:15.955:WARN [web-server]: [39m404: /%7B%7BtestUrl%7D%7D
......[33m28 06 2024 17:55:15.974:WARN [web-server]: [39m404: /someSanitizedUrl
.............................................
[33m28 06 2024 17:55:16.149:WARN [web-server]: [39m404: /other-image.png
.[33m28 06 2024 17:55:16.155:WARN [web-server]: [39m404: /constant.png
...............................................................................
................................................................................
................................................................................
................................................................................
................................................................................
................................................................................
................................................................................
................................................................................
................................................................................
................................................................................
................................................................................
................................................................................
................................................................................
................................................................................
................................................................................
...................[33m28 06 2024 17:55:22.018:WARN [web-server]: [39m404: /somewhere/here
.[33m28 06 2024 17:55:22.022:WARN [web-server]: [39m404: /some/1
.[33m28 06 2024 17:55:22.025:WARN [web-server]: [39m404: /static
[33m28 06 2024 17:55:22.026:WARN [web-server]: [39m404: /dynamic
..............[33m28 06 2024 17:55:22.076:WARN [web-server]: [39m404: /some/1
.............................................
................................................................................
................................................................................
................................................................................
................................................................................
................................................................................
................................................................................
................................................................................
................................................................................
................................................................................
................................................................................
................................................................................
...............[33m28 06 2024 17:55:24.987:WARN [web-server]: [39m404: /someSanitizedUrl
........[33m28 06 2024 17:55:25.032:WARN [web-server]: [39m404: /someSanitizedUrl
.........................................................
................................................................................
................................................................................
................................................................................
................................................................................
................................................................................
................................................................................
................................................................................
................................................................................
................................................................................
................................................................................
................................................................................
................................................................................
................................................................................
................................................................................
................................................................................
................................................................................
................................................................................
................................................................................
................................................................................
................................................................................
................................................................................
................................................................................
................................................................................
................................................................................
................................................................................
................................................................................
................................................................................
................................................................................
................................................................................
................................................................................
.................................................
Firefox 127.0.0 (Linux 0.0.0): Executed 6171 of 6171 SUCCESS (20.517 secs / 19.917 secs)

Running "tests:jquery-2.1" (tests) task
[33m28 06 2024 17:55:33.578:WARN [filelist]: [39mAll files matched by "/home/diwangs/Codes/1_PhD/2_proj/transparent/targets/angularjs-src/angular.js/src/angular.bind.js" were excluded or matched by prior matchers.
[33m28 06 2024 17:55:33.594:WARN [filelist]: [39mAll files matched by "/home/diwangs/Codes/1_PhD/2_proj/transparent/targets/angularjs-src/angular.js/src/shallowCopy.js" were excluded or matched by prior matchers.
[33m28 06 2024 17:55:33.594:WARN [filelist]: [39mAll files matched by "/home/diwangs/Codes/1_PhD/2_proj/transparent/targets/angularjs-src/angular.js/src/routeToRegExp.js" were excluded or matched by prior matchers.
[32m28 06 2024 17:55:33.653:INFO [karma-server]: [39mKarma v4.4.1 server started at http://0.0.0.0:9876/
[32m28 06 2024 17:55:33.654:INFO [launcher]: [39mLaunching browsers Firefox with concurrency unlimited
[32m28 06 2024 17:55:33.660:INFO [launcher]: [39mStarting browser Firefox
[32m28 06 2024 17:55:36.258:INFO [Firefox 127.0.0 (Linux 0.0.0)]: [39mConnected on socket W9nOmnkOaUeaKdJuAAAA with id 47515779
................................................................................
................................................................................
..........................................
ERROR: 'AngularJS: disabling automatic bootstrap. <script> protocol indicates an extension, document.location.href does not match.'
................................................................................
................................................................................
................................................................................
................................................................................
................................................................................
................................................................................
................................................................................
................................................................................
................................................................................
................................................................................
................................................................................
.....[33m28 06 2024 17:55:39.995:WARN [web-server]: [39m404: /abc
...........................................................................
................................................................................
................................................................................
................................................................................
...............[33m28 06 2024 17:55:41.281:WARN [web-server]: [39m404: /%7B%7BtestUrl%7D%7D
............[33m28 06 2024 17:55:41.366:WARN [web-server]: [39m404: /%7B%7BtestUrl%7D%7D
[33m28 06 2024 17:55:41.368:WARN [web-server]: [39m404: /someSanitizedUrl
..[33m28 06 2024 17:55:41.376:WARN [web-server]: [39m404: /%7B%7BtestUrl%7D%7D
......[33m28 06 2024 17:55:41.401:WARN [web-server]: [39m404: /someSanitizedUrl
............................................[33m28 06 2024 17:55:41.685:WARN [web-server]: [39m404: /other-image.png
.
.[33m28 06 2024 17:55:41.692:WARN [web-server]: [39m404: /constant.png
...............................................................................
................................................................................
................................................................................
................................................................................
................................................................................
................................................................................
................................................................................
................................................................................
................................................................................
................................................................................
................................................................................
................................................................................
................................................................................
................................................................................
................................................................................
...................[33m28 06 2024 17:55:48.662:WARN [web-server]: [39m404: /somewhere/here
.[33m28 06 2024 17:55:48.668:WARN [web-server]: [39m404: /some/1
.[33m28 06 2024 17:55:48.671:WARN [web-server]: [39m404: /static
[33m28 06 2024 17:55:48.674:WARN [web-server]: [39m404: /dynamic
..............[33m28 06 2024 17:55:48.746:WARN [web-server]: [39m404: /some/1
.............................................
................................................................................
................................................................................
................................................................................
................................................................................
................................................................................
................................................................................
................................................................................
................................................................................
................................................................................
................................................................................
................................................................................
................[33m28 06 2024 17:55:52.157:WARN [web-server]: [39m404: /someSanitizedUrl
.......[33m28 06 2024 17:55:52.185:WARN [web-server]: [39m404: /someSanitizedUrl
.........................................................
................................................................................
................................................................................
................................................................................
................................................................................
................................................................................
................................................................................
................................................................................
................................................................................
................................................................................
................................................................................
................................................................................
................................................................................
................................................................................
................................................................................
................................................................................
................................................................................
................................................................................
................................................................................
................................................................................
................................................................................
................................................................................
................................................................................
................................................................................
................................................................................
................................................................................
................................................................................
................................................................................
................................................................................
................................................................................
................................................................................
.................................................
Firefox 127.0.0 (Linux 0.0.0): Executed 6171 of 6171 SUCCESS (22.995 secs / 22.143 secs)

Running "build:angular" (build) task
>> File build/angular.js created.

Running "build:loader" (build) task
>> File build/angular-loader.js created.

Running "build:touch" (build) task
>> File build/angular-touch.js created.

Running "build:touchModuleTestBundle" (build) task
>> File build/test-bundles/angular-touch.js created.

Running "build:mocks" (build) task
>> File build/angular-mocks.js created.

Running "build:sanitize" (build) task
>> File build/angular-sanitize.js created.

Running "build:sanitizeModuleTestBundle" (build) task
>> File build/test-bundles/angular-sanitize.js created.

Running "build:resource" (build) task
>> File build/angular-resource.js created.

Running "build:resourceModuleTestBundle" (build) task
>> File build/test-bundles/angular-resource.js created.

Running "build:messageformat" (build) task
>> File build/angular-message-format.js created.

Running "build:messageformatModuleTestBundle" (build) task
>> File build/test-bundles/angular-message-format.js created.

Running "build:messages" (build) task
>> File build/angular-messages.js created.

Running "build:messagesModuleTestBundle" (build) task
>> File build/test-bundles/angular-messages.js created.

Running "build:animate" (build) task
>> File build/angular-animate.js created.

Running "build:route" (build) task
>> File build/angular-route.js created.

Running "build:routeModuleTestBundle" (build) task
>> File build/test-bundles/angular-route.js created.

Running "build:cookies" (build) task
>> File build/angular-cookies.js created.

Running "build:cookiesModuleTestBundle" (build) task
>> File build/test-bundles/angular-cookies.js created.

Running "build:aria" (build) task
>> File build/angular-aria.js created.

Running "build:ariaModuleTestBundle" (build) task
>> File build/test-bundles/angular-aria.js created.

Running "build:parseext" (build) task
>> File build/angular-parse-ext.js created.

Running "build:promises-aplus-adapter" (build) task
>> File tmp/promises-aplus-adapter++.js created.

Running "tests:modules" (tests) task
[32m28 06 2024 17:56:01.295:INFO [karma-server]: [39mKarma v4.4.1 server started at http://0.0.0.0:9876/
[32m28 06 2024 17:56:01.299:INFO [launcher]: [39mLaunching browsers Firefox with concurrency unlimited
[32m28 06 2024 17:56:01.304:INFO [launcher]: [39mStarting browser Firefox
[32m28 06 2024 17:56:04.126:INFO [Firefox 127.0.0 (Linux 0.0.0)]: [39mConnected on socket ju5jWhPecfUmctqlAAAA with id 91990641
................................................................................
................................................................................
................................................................................
................................................................................
................................................................................
................................................................................
................................................................................
................................................................................
.........
Firefox 127.0.0 (Linux 0.0.0): Executed 649 of 649 SUCCESS (4.029 secs / 3.922 secs)

Running "tests:modules-ngAnimate" (tests) task
[32m28 06 2024 17:56:09.668:INFO [karma-server]: [39mKarma v4.4.1 server started at http://0.0.0.0:9876/
[32m28 06 2024 17:56:09.671:INFO [launcher]: [39mLaunching browsers Firefox with concurrency unlimited
[32m28 06 2024 17:56:09.675:INFO [launcher]: [39mStarting browser Firefox
[32m28 06 2024 17:56:11.986:INFO [Firefox 127.0.0 (Linux 0.0.0)]: [39mConnected on socket SFLBIkawGAr7B1HuAAAA with id 27761165
................................................................................
................................................................................
................................................................................
................................................................................
................................................................................
................................................................................
........................................................................
Firefox 127.0.0 (Linux 0.0.0): Executed 552 of 552 SUCCESS (2.473 secs / 2.366 secs)

Running "tests:modules-ngMock" (tests) task
[32m28 06 2024 17:56:15.712:INFO [karma-server]: [39mKarma v4.4.1 server started at http://0.0.0.0:9876/
[32m28 06 2024 17:56:15.714:INFO [launcher]: [39mLaunching browsers Firefox with concurrency unlimited
[32m28 06 2024 17:56:15.719:INFO [launcher]: [39mStarting browser Firefox
[32m28 06 2024 17:56:18.257:INFO [Firefox 127.0.0 (Linux 0.0.0)]: [39mConnected on socket EBslaWH_KZxbDq0sAAAA with id 41465739
................................................................................
................................................................................
................................................................................
.......................................
Firefox 127.0.0 (Linux 0.0.0): Executed 279 of 279 SUCCESS (0.984 secs / 0.935 secs)

Done.
